
*** Running vivado
    with args -log memXi.vds -m64 -product Vivado -mode batch -messageDb vivado.pb -notrace -source memXi.tcl


****** Vivado v2016.4 (64-bit)
  **** SW Build 1756540 on Mon Jan 23 19:11:19 MST 2017
  **** IP Build 1755317 on Mon Jan 23 20:30:07 MST 2017
    ** Copyright 1986-2016 Xilinx, Inc. All Rights Reserved.

source memXi.tcl -notrace
Starting RTL Elaboration : Time (s): cpu = 00:00:07 ; elapsed = 00:00:07 . Memory (MB): peak = 1090.742 ; gain = 160.273 ; free physical = 3089 ; free virtual = 12804
INFO: [Synth 8-638] synthesizing module 'memXi' [/home/miguel/P2/P2.srcs/sources_1/ip/memXi/synth/memXi.vhd:70]
INFO: [Synth 8-256] done synthesizing module 'memXi' (9#1) [/home/miguel/P2/P2.srcs/sources_1/ip/memXi/synth/memXi.vhd:70]
Finished RTL Elaboration : Time (s): cpu = 00:00:49 ; elapsed = 00:00:49 . Memory (MB): peak = 1276.070 ; gain = 345.602 ; free physical = 2896 ; free virtual = 12611
Finished RTL Optimization Phase 1 : Time (s): cpu = 00:00:49 ; elapsed = 00:00:50 . Memory (MB): peak = 1276.070 ; gain = 345.602 ; free physical = 2896 ; free virtual = 12611
INFO: [Device 21-403] Loading part xc7a35tcpg236-1
Constraint Validation Runtime : Time (s): cpu = 00:00:00.01 ; elapsed = 00:00:00.01 . Memory (MB): peak = 1370.891 ; gain = 0.000 ; free physical = 2880 ; free virtual = 12595
Finished Constraint Validation : Time (s): cpu = 00:00:57 ; elapsed = 00:00:57 . Memory (MB): peak = 1370.891 ; gain = 440.422 ; free physical = 2877 ; free virtual = 12592
Finished Loading Part and Timing Information : Time (s): cpu = 00:00:57 ; elapsed = 00:00:57 . Memory (MB): peak = 1370.891 ; gain = 440.422 ; free physical = 2877 ; free virtual = 12592
Finished applying 'set_property' XDC Constraints : Time (s): cpu = 00:00:57 ; elapsed = 00:00:57 . Memory (MB): peak = 1370.891 ; gain = 440.422 ; free physical = 2877 ; free virtual = 12592
Finished RTL Optimization Phase 2 : Time (s): cpu = 00:00:57 ; elapsed = 00:00:58 . Memory (MB): peak = 1370.891 ; gain = 440.422 ; free physical = 2871 ; free virtual = 12586
Finished Cross Boundary and Area Optimization : Time (s): cpu = 00:00:57 ; elapsed = 00:00:58 . Memory (MB): peak = 1370.891 ; gain = 440.422 ; free physical = 2871 ; free virtual = 12586
Finished Applying XDC Timing Constraints : Time (s): cpu = 00:01:04 ; elapsed = 00:01:04 . Memory (MB): peak = 1394.891 ; gain = 464.422 ; free physical = 2840 ; free virtual = 12556
Finished Timing Optimization : Time (s): cpu = 00:01:04 ; elapsed = 00:01:04 . Memory (MB): peak = 1394.891 ; gain = 464.422 ; free physical = 2840 ; free virtual = 12556
Finished Technology Mapping : Time (s): cpu = 00:01:04 ; elapsed = 00:01:04 . Memory (MB): peak = 1404.906 ; gain = 474.438 ; free physical = 2831 ; free virtual = 12546
Finished IO Insertion : Time (s): cpu = 00:01:04 ; elapsed = 00:01:05 . Memory (MB): peak = 1404.906 ; gain = 474.438 ; free physical = 2831 ; free virtual = 12546
Finished Renaming Generated Instances : Time (s): cpu = 00:01:04 ; elapsed = 00:01:05 . Memory (MB): peak = 1404.906 ; gain = 474.438 ; free physical = 2831 ; free virtual = 12546
Finished Rebuilding User Hierarchy : Time (s): cpu = 00:01:04 ; elapsed = 00:01:05 . Memory (MB): peak = 1404.906 ; gain = 474.438 ; free physical = 2831 ; free virtual = 12546
Finished Renaming Generated Ports : Time (s): cpu = 00:01:04 ; elapsed = 00:01:05 . Memory (MB): peak = 1404.906 ; gain = 474.438 ; free physical = 2831 ; free virtual = 12546
Finished Handling Custom Attributes : Time (s): cpu = 00:01:04 ; elapsed = 00:01:05 . Memory (MB): peak = 1404.906 ; gain = 474.438 ; free physical = 2831 ; free virtual = 12546
Finished Renaming Generated Nets : Time (s): cpu = 00:01:04 ; elapsed = 00:01:05 . Memory (MB): peak = 1404.906 ; gain = 474.438 ; free physical = 2831 ; free virtual = 12546

Report Cell Usage: 
+------+---------+------+
|      |Cell     |Count |
+------+---------+------+
|1     |RAMB18E1 |     1|
+------+---------+------+
Finished Writing Synthesis Report : Time (s): cpu = 00:01:04 ; elapsed = 00:01:05 . Memory (MB): peak = 1404.906 ; gain = 474.438 ; free physical = 2831 ; free virtual = 12546
synth_design: Time (s): cpu = 00:01:03 ; elapsed = 00:01:03 . Memory (MB): peak = 1425.422 ; gain = 427.449 ; free physical = 2811 ; free virtual = 12526
