
*** Running vivado
    with args -log memStep.vds -m64 -product Vivado -mode batch -messageDb vivado.pb -notrace -source memStep.tcl


****** Vivado v2016.4 (64-bit)
  **** SW Build 1756540 on Mon Jan 23 19:11:19 MST 2017
  **** IP Build 1755317 on Mon Jan 23 20:30:07 MST 2017
    ** Copyright 1986-2016 Xilinx, Inc. All Rights Reserved.

source memStep.tcl -notrace
Starting RTL Elaboration : Time (s): cpu = 00:00:07 ; elapsed = 00:00:07 . Memory (MB): peak = 1089.750 ; gain = 159.273 ; free physical = 870 ; free virtual = 11685
INFO: [Synth 8-638] synthesizing module 'memStep' [/home/miguel/P2/P2.srcs/sources_1/ip/memStep/synth/memStep.vhd:70]
INFO: [Synth 8-256] done synthesizing module 'memStep' (9#1) [/home/miguel/P2/P2.srcs/sources_1/ip/memStep/synth/memStep.vhd:70]
Finished RTL Elaboration : Time (s): cpu = 00:00:51 ; elapsed = 00:00:51 . Memory (MB): peak = 1275.078 ; gain = 344.602 ; free physical = 495 ; free virtual = 11311
Finished RTL Optimization Phase 1 : Time (s): cpu = 00:00:51 ; elapsed = 00:00:51 . Memory (MB): peak = 1275.078 ; gain = 344.602 ; free physical = 495 ; free virtual = 11311
INFO: [Device 21-403] Loading part xc7a35tcpg236-1
Constraint Validation Runtime : Time (s): cpu = 00:00:00.01 ; elapsed = 00:00:00.01 . Memory (MB): peak = 1369.898 ; gain = 0.000 ; free physical = 438 ; free virtual = 11254
Finished Constraint Validation : Time (s): cpu = 00:00:59 ; elapsed = 00:00:59 . Memory (MB): peak = 1369.898 ; gain = 439.422 ; free physical = 436 ; free virtual = 11252
Finished Loading Part and Timing Information : Time (s): cpu = 00:00:59 ; elapsed = 00:00:59 . Memory (MB): peak = 1369.898 ; gain = 439.422 ; free physical = 436 ; free virtual = 11252
Finished applying 'set_property' XDC Constraints : Time (s): cpu = 00:00:59 ; elapsed = 00:00:59 . Memory (MB): peak = 1369.898 ; gain = 439.422 ; free physical = 436 ; free virtual = 11252
Finished RTL Optimization Phase 2 : Time (s): cpu = 00:00:59 ; elapsed = 00:01:00 . Memory (MB): peak = 1369.898 ; gain = 439.422 ; free physical = 435 ; free virtual = 11251
Finished Cross Boundary and Area Optimization : Time (s): cpu = 00:01:00 ; elapsed = 00:01:00 . Memory (MB): peak = 1369.898 ; gain = 439.422 ; free physical = 435 ; free virtual = 11251
Finished Applying XDC Timing Constraints : Time (s): cpu = 00:01:06 ; elapsed = 00:01:07 . Memory (MB): peak = 1393.898 ; gain = 463.422 ; free physical = 376 ; free virtual = 11192
Finished Timing Optimization : Time (s): cpu = 00:01:06 ; elapsed = 00:01:07 . Memory (MB): peak = 1393.898 ; gain = 463.422 ; free physical = 376 ; free virtual = 11192
Finished Technology Mapping : Time (s): cpu = 00:01:06 ; elapsed = 00:01:07 . Memory (MB): peak = 1402.914 ; gain = 472.438 ; free physical = 367 ; free virtual = 11183
Finished IO Insertion : Time (s): cpu = 00:01:07 ; elapsed = 00:01:07 . Memory (MB): peak = 1402.914 ; gain = 472.438 ; free physical = 369 ; free virtual = 11185
Finished Renaming Generated Instances : Time (s): cpu = 00:01:07 ; elapsed = 00:01:07 . Memory (MB): peak = 1402.914 ; gain = 472.438 ; free physical = 369 ; free virtual = 11185
Finished Rebuilding User Hierarchy : Time (s): cpu = 00:01:07 ; elapsed = 00:01:07 . Memory (MB): peak = 1402.914 ; gain = 472.438 ; free physical = 369 ; free virtual = 11185
Finished Renaming Generated Ports : Time (s): cpu = 00:01:07 ; elapsed = 00:01:07 . Memory (MB): peak = 1402.914 ; gain = 472.438 ; free physical = 369 ; free virtual = 11185
Finished Handling Custom Attributes : Time (s): cpu = 00:01:07 ; elapsed = 00:01:07 . Memory (MB): peak = 1402.914 ; gain = 472.438 ; free physical = 369 ; free virtual = 11185
Finished Renaming Generated Nets : Time (s): cpu = 00:01:07 ; elapsed = 00:01:07 . Memory (MB): peak = 1402.914 ; gain = 472.438 ; free physical = 369 ; free virtual = 11185

Report Cell Usage: 
+------+---------+------+
|      |Cell     |Count |
+------+---------+------+
|1     |RAMB18E1 |     1|
+------+---------+------+
Finished Writing Synthesis Report : Time (s): cpu = 00:01:07 ; elapsed = 00:01:07 . Memory (MB): peak = 1402.914 ; gain = 472.438 ; free physical = 369 ; free virtual = 11185
synth_design: Time (s): cpu = 00:01:06 ; elapsed = 00:01:06 . Memory (MB): peak = 1424.430 ; gain = 426.449 ; free physical = 327 ; free virtual = 11143
