Vivado Simulator 2016.4
Copyright 1986-1999, 2001-2016 Xilinx, Inc. All Rights Reserved.
Running: /opt/Xilinx/Vivado/2016.4/bin/unwrapped/lnx64.o/xelab -wto 3b10c7f17d1e4cb89b70044bc8b4f4f3 --debug typical --relax --mt 8 -L xil_defaultlib -L blk_mem_gen_v8_3_5 -L unisims_ver -L unimacro_ver -L secureip -L xpm --snapshot top_circuit_tb_behav xil_defaultlib.top_circuit_tb xil_defaultlib.glbl -log elaborate.log 
Using 8 slave threads.
Starting static elaboration
WARNING: [VRFC 10-1783] select index 30 into current_contents is out of bounds [/wrk/2016.4/nightly/2017_01_23_1756540/packages/customer/vivado/data/ip/xilinx/blk_mem_gen_v8_3/simulation/blk_mem_gen_v8_3.v:2419]
WARNING: [VRFC 10-1783] select index 62 into current_contents is out of bounds [/wrk/2016.4/nightly/2017_01_23_1756540/packages/customer/vivado/data/ip/xilinx/blk_mem_gen_v8_3/simulation/blk_mem_gen_v8_3.v:2420]
Completed static elaboration
Starting simulation data flow analysis
Completed simulation data flow analysis
Time Resolution for simulation is 1ps
Compiling package std.standard
Compiling package std.textio
Compiling package ieee.std_logic_1164
Compiling package ieee.numeric_std
Compiling package ieee.std_logic_arith
Compiling package ieee.std_logic_signed
Compiling package ieee.std_logic_unsigned
Compiling package vl.vl_types
Compiling module xil_defaultlib.glbl
Compiling module blk_mem_gen_v8_3_5.blk_mem_gen_v8_3_5_output_stage(...
Compiling module blk_mem_gen_v8_3_5.blk_mem_gen_v8_3_5_output_stage(...
Compiling module blk_mem_gen_v8_3_5.blk_mem_gen_v8_3_5_softecc_outpu...
Compiling module blk_mem_gen_v8_3_5.blk_mem_gen_v8_3_5_mem_module(C_...
Compiling module blk_mem_gen_v8_3_5.blk_mem_gen_v8_3_5(C_FAMILY="art...
Compiling module xil_defaultlib.memA
Compiling module blk_mem_gen_v8_3_5.blk_mem_gen_v8_3_5_mem_module(C_...
Compiling module blk_mem_gen_v8_3_5.blk_mem_gen_v8_3_5(C_FAMILY="art...
Compiling module xil_defaultlib.memB
Compiling module blk_mem_gen_v8_3_5.blk_mem_gen_v8_3_5_mem_module(C_...
Compiling module blk_mem_gen_v8_3_5.blk_mem_gen_v8_3_5(C_FAMILY="art...
Compiling module xil_defaultlib.memC
Compiling module blk_mem_gen_v8_3_5.blk_mem_gen_v8_3_5_mem_module(C_...
Compiling module blk_mem_gen_v8_3_5.blk_mem_gen_v8_3_5(C_FAMILY="art...
Compiling module xil_defaultlib.memStep
Compiling module blk_mem_gen_v8_3_5.blk_mem_gen_v8_3_5_mem_module(C_...
Compiling module blk_mem_gen_v8_3_5.blk_mem_gen_v8_3_5(C_FAMILY="art...
Compiling module xil_defaultlib.memXi
Compiling architecture behavioral of entity xil_defaultlib.control [control_default]
Compiling architecture behavioral of entity xil_defaultlib.datapath [datapath_default]
Compiling architecture behavioral of entity xil_defaultlib.circuit [circuit_default]
Compiling module blk_mem_gen_v8_3_5.blk_mem_gen_v8_3_5_output_stage(...
Compiling module blk_mem_gen_v8_3_5.blk_mem_gen_v8_3_5_output_stage(...
Compiling module blk_mem_gen_v8_3_5.blk_mem_gen_v8_3_5_softecc_outpu...
Compiling module blk_mem_gen_v8_3_5.blk_mem_gen_v8_3_5_mem_module(C_...
Compiling module blk_mem_gen_v8_3_5.blk_mem_gen_v8_3_5(C_FAMILY="art...
Compiling module xil_defaultlib.memRes
Compiling architecture structural of entity xil_defaultlib.top_circuit [top_circuit_default]
Compiling architecture behavioral of entity xil_defaultlib.top_circuit_tb
Built simulation snapshot top_circuit_tb_behav
