Vivado Simulator 2016.4
Time resolution is 1 ps
 Block Memory Generator module loading initial data...
 Block Memory Generator data initialization complete.
Block Memory Generator module top_circuit_tb.UUT.mA.inst.native_mem_module.blk_mem_gen_v8_3_5_inst is using a behavioral model for simulation which will not precisely model memory collision behavior.
 Block Memory Generator module loading initial data...
 Block Memory Generator data initialization complete.
Block Memory Generator module top_circuit_tb.UUT.mB.inst.native_mem_module.blk_mem_gen_v8_3_5_inst is using a behavioral model for simulation which will not precisely model memory collision behavior.
 Block Memory Generator module loading initial data...
 Block Memory Generator data initialization complete.
Block Memory Generator module top_circuit_tb.UUT.mC.inst.native_mem_module.blk_mem_gen_v8_3_5_inst is using a behavioral model for simulation which will not precisely model memory collision behavior.
 Block Memory Generator module loading initial data...
 Block Memory Generator data initialization complete.
Block Memory Generator module top_circuit_tb.UUT.mS.inst.native_mem_module.blk_mem_gen_v8_3_5_inst is using a behavioral model for simulation which will not precisely model memory collision behavior.
 Block Memory Generator module loading initial data...
 Block Memory Generator data initialization complete.
Block Memory Generator module top_circuit_tb.UUT.mX.inst.native_mem_module.blk_mem_gen_v8_3_5_inst is using a behavioral model for simulation which will not precisely model memory collision behavior.
 Block Memory Generator module loading initial data...
 Block Memory Generator data initialization complete.
Block Memory Generator module top_circuit_tb.UUT.mR.inst.native_mem_module.blk_mem_gen_v8_3_5_inst is using a behavioral model for simulation which will not precisely model memory collision behavior.
 Block Memory Generator module loading initial data...
 Block Memory Generator data initialization complete.
Block Memory Generator module top_circuit_tb.UUT.mA.inst.native_mem_module.blk_mem_gen_v8_3_5_inst is using a behavioral model for simulation which will not precisely model memory collision behavior.
 Block Memory Generator module loading initial data...
 Block Memory Generator data initialization complete.
Block Memory Generator module top_circuit_tb.UUT.mB.inst.native_mem_module.blk_mem_gen_v8_3_5_inst is using a behavioral model for simulation which will not precisely model memory collision behavior.
 Block Memory Generator module loading initial data...
 Block Memory Generator data initialization complete.
Block Memory Generator module top_circuit_tb.UUT.mC.inst.native_mem_module.blk_mem_gen_v8_3_5_inst is using a behavioral model for simulation which will not precisely model memory collision behavior.
 Block Memory Generator module loading initial data...
 Block Memory Generator data initialization complete.
Block Memory Generator module top_circuit_tb.UUT.mS.inst.native_mem_module.blk_mem_gen_v8_3_5_inst is using a behavioral model for simulation which will not precisely model memory collision behavior.
 Block Memory Generator module loading initial data...
 Block Memory Generator data initialization complete.
Block Memory Generator module top_circuit_tb.UUT.mX.inst.native_mem_module.blk_mem_gen_v8_3_5_inst is using a behavioral model for simulation which will not precisely model memory collision behavior.
 Block Memory Generator module loading initial data...
 Block Memory Generator data initialization complete.
Block Memory Generator module top_circuit_tb.UUT.mR.inst.native_mem_module.blk_mem_gen_v8_3_5_inst is using a behavioral model for simulation which will not precisely model memory collision behavior.
