
*** Running vivado
    with args -log memA.vds -m64 -product Vivado -mode batch -messageDb vivado.pb -notrace -source memA.tcl


****** Vivado v2016.4 (64-bit)
  **** SW Build 1756540 on Mon Jan 23 19:11:19 MST 2017
  **** IP Build 1755317 on Mon Jan 23 20:30:07 MST 2017
    ** Copyright 1986-2016 Xilinx, Inc. All Rights Reserved.

source memA.tcl -notrace
Starting RTL Elaboration : Time (s): cpu = 00:00:07 ; elapsed = 00:00:07 . Memory (MB): peak = 1089.742 ; gain = 159.273 ; free physical = 870 ; free virtual = 11686
INFO: [Synth 8-638] synthesizing module 'memA' [/home/miguel/P2/P2.srcs/sources_1/ip/memA/synth/memA.vhd:70]
INFO: [Synth 8-256] done synthesizing module 'memA' (9#1) [/home/miguel/P2/P2.srcs/sources_1/ip/memA/synth/memA.vhd:70]
Finished RTL Elaboration : Time (s): cpu = 00:00:51 ; elapsed = 00:00:51 . Memory (MB): peak = 1275.070 ; gain = 344.602 ; free physical = 497 ; free virtual = 11312
Finished RTL Optimization Phase 1 : Time (s): cpu = 00:00:51 ; elapsed = 00:00:51 . Memory (MB): peak = 1275.070 ; gain = 344.602 ; free physical = 496 ; free virtual = 11312
INFO: [Device 21-403] Loading part xc7a35tcpg236-1
Constraint Validation Runtime : Time (s): cpu = 00:00:00.01 ; elapsed = 00:00:00.01 . Memory (MB): peak = 1370.891 ; gain = 0.000 ; free physical = 445 ; free virtual = 11261
Finished Constraint Validation : Time (s): cpu = 00:00:59 ; elapsed = 00:00:59 . Memory (MB): peak = 1370.891 ; gain = 440.422 ; free physical = 437 ; free virtual = 11253
Finished Loading Part and Timing Information : Time (s): cpu = 00:00:59 ; elapsed = 00:00:59 . Memory (MB): peak = 1370.891 ; gain = 440.422 ; free physical = 437 ; free virtual = 11253
Finished applying 'set_property' XDC Constraints : Time (s): cpu = 00:00:59 ; elapsed = 00:00:59 . Memory (MB): peak = 1370.891 ; gain = 440.422 ; free physical = 437 ; free virtual = 11253
Finished RTL Optimization Phase 2 : Time (s): cpu = 00:00:59 ; elapsed = 00:01:00 . Memory (MB): peak = 1370.891 ; gain = 440.422 ; free physical = 437 ; free virtual = 11253
Finished Cross Boundary and Area Optimization : Time (s): cpu = 00:00:59 ; elapsed = 00:01:00 . Memory (MB): peak = 1370.891 ; gain = 440.422 ; free physical = 435 ; free virtual = 11251
Finished Applying XDC Timing Constraints : Time (s): cpu = 00:01:06 ; elapsed = 00:01:07 . Memory (MB): peak = 1395.891 ; gain = 465.422 ; free physical = 402 ; free virtual = 11218
Finished Timing Optimization : Time (s): cpu = 00:01:06 ; elapsed = 00:01:07 . Memory (MB): peak = 1395.891 ; gain = 465.422 ; free physical = 402 ; free virtual = 11218
Finished Technology Mapping : Time (s): cpu = 00:01:06 ; elapsed = 00:01:07 . Memory (MB): peak = 1405.906 ; gain = 475.438 ; free physical = 392 ; free virtual = 11207
Finished IO Insertion : Time (s): cpu = 00:01:07 ; elapsed = 00:01:07 . Memory (MB): peak = 1405.906 ; gain = 475.438 ; free physical = 367 ; free virtual = 11183
Finished Renaming Generated Instances : Time (s): cpu = 00:01:07 ; elapsed = 00:01:07 . Memory (MB): peak = 1405.906 ; gain = 475.438 ; free physical = 367 ; free virtual = 11183
Finished Rebuilding User Hierarchy : Time (s): cpu = 00:01:07 ; elapsed = 00:01:07 . Memory (MB): peak = 1405.906 ; gain = 475.438 ; free physical = 367 ; free virtual = 11183
Finished Renaming Generated Ports : Time (s): cpu = 00:01:07 ; elapsed = 00:01:07 . Memory (MB): peak = 1405.906 ; gain = 475.438 ; free physical = 367 ; free virtual = 11183
Finished Handling Custom Attributes : Time (s): cpu = 00:01:07 ; elapsed = 00:01:07 . Memory (MB): peak = 1405.906 ; gain = 475.438 ; free physical = 367 ; free virtual = 11183
Finished Renaming Generated Nets : Time (s): cpu = 00:01:07 ; elapsed = 00:01:07 . Memory (MB): peak = 1405.906 ; gain = 475.438 ; free physical = 367 ; free virtual = 11183

Report Cell Usage: 
+------+---------+------+
|      |Cell     |Count |
+------+---------+------+
|1     |RAMB18E1 |     1|
+------+---------+------+
Finished Writing Synthesis Report : Time (s): cpu = 00:01:07 ; elapsed = 00:01:07 . Memory (MB): peak = 1405.906 ; gain = 475.438 ; free physical = 367 ; free virtual = 11183
synth_design: Time (s): cpu = 00:01:06 ; elapsed = 00:01:06 . Memory (MB): peak = 1424.422 ; gain = 426.449 ; free physical = 334 ; free virtual = 11150
