INFO: [VRFC 10-163] Analyzing VHDL file "/home/miguel/Desktop/NOVOpsd/NOVOpsd.srcs/sources_1/imports/P3/datapath.vhd" into library xil_defaultlib
INFO: [VRFC 10-307] analyzing entity datapath
INFO: [VRFC 10-163] Analyzing VHDL file "/home/miguel/Desktop/NOVOpsd/NOVOpsd.srcs/sources_1/imports/P3/control.vhd" into library xil_defaultlib
INFO: [VRFC 10-307] analyzing entity control
INFO: [VRFC 10-163] Analyzing VHDL file "/home/miguel/Desktop/NOVOpsd/NOVOpsd.srcs/sources_1/imports/P3/circuit.vhdl" into library xil_defaultlib
INFO: [VRFC 10-307] analyzing entity circuit
INFO: [VRFC 10-163] Analyzing VHDL file "/home/miguel/Desktop/NOVOpsd/NOVOpsd.srcs/sim_1/new/circuit_tb.vhd" into library xil_defaultlib
INFO: [VRFC 10-307] analyzing entity circuit_tb
INFO: [VRFC 10-163] Analyzing VHDL file "/home/miguel/Desktop/NOVOpsd/NOVOpsd.srcs/sources_1/imports/P3/datapath.vhd" into library xil_defaultlib
INFO: [VRFC 10-307] analyzing entity datapath
INFO: [VRFC 10-163] Analyzing VHDL file "/home/miguel/Desktop/NOVOpsd/NOVOpsd.srcs/sources_1/imports/P3/control.vhd" into library xil_defaultlib
INFO: [VRFC 10-307] analyzing entity control
INFO: [VRFC 10-163] Analyzing VHDL file "/home/miguel/Desktop/NOVOpsd/NOVOpsd.srcs/sources_1/imports/P3/circuit.vhdl" into library xil_defaultlib
INFO: [VRFC 10-307] analyzing entity circuit
INFO: [VRFC 10-163] Analyzing VHDL file "/home/miguel/Desktop/NOVOpsd/NOVOpsd.srcs/sim_1/new/circuit_tb.vhd" into library xil_defaultlib
INFO: [VRFC 10-307] analyzing entity circuit_tb
INFO: [VRFC 10-163] Analyzing VHDL file "/home/miguel/Desktop/NOVOpsd/NOVOpsd.srcs/sources_1/imports/P3/datapath.vhd" into library xil_defaultlib
INFO: [VRFC 10-307] analyzing entity datapath
INFO: [VRFC 10-163] Analyzing VHDL file "/home/miguel/Desktop/NOVOpsd/NOVOpsd.srcs/sources_1/imports/P3/control.vhd" into library xil_defaultlib
INFO: [VRFC 10-307] analyzing entity control
INFO: [VRFC 10-163] Analyzing VHDL file "/home/miguel/Desktop/NOVOpsd/NOVOpsd.srcs/sources_1/imports/P3/circuit.vhdl" into library xil_defaultlib
INFO: [VRFC 10-307] analyzing entity circuit
INFO: [VRFC 10-163] Analyzing VHDL file "/home/miguel/Desktop/NOVOpsd/NOVOpsd.srcs/sim_1/new/circuit_tb.vhd" into library xil_defaultlib
INFO: [VRFC 10-307] analyzing entity circuit_tb
INFO: [VRFC 10-163] Analyzing VHDL file "/home/miguel/Desktop/NOVOpsd/NOVOpsd.srcs/sources_1/imports/P3/datapath.vhd" into library xil_defaultlib
INFO: [VRFC 10-307] analyzing entity datapath
INFO: [VRFC 10-163] Analyzing VHDL file "/home/miguel/Desktop/NOVOpsd/NOVOpsd.srcs/sources_1/imports/P3/control.vhd" into library xil_defaultlib
INFO: [VRFC 10-307] analyzing entity control
INFO: [VRFC 10-163] Analyzing VHDL file "/home/miguel/Desktop/NOVOpsd/NOVOpsd.srcs/sources_1/imports/P3/circuit.vhdl" into library xil_defaultlib
INFO: [VRFC 10-307] analyzing entity circuit
INFO: [VRFC 10-163] Analyzing VHDL file "/home/miguel/Desktop/NOVOpsd/NOVOpsd.srcs/sim_1/new/circuit_tb.vhd" into library xil_defaultlib
INFO: [VRFC 10-307] analyzing entity circuit_tb
INFO: [VRFC 10-163] Analyzing VHDL file "/home/miguel/Desktop/NOVOpsd/NOVOpsd.srcs/sources_1/imports/P3/datapath.vhd" into library xil_defaultlib
INFO: [VRFC 10-307] analyzing entity datapath
INFO: [VRFC 10-163] Analyzing VHDL file "/home/miguel/Desktop/NOVOpsd/NOVOpsd.srcs/sources_1/imports/P3/control.vhd" into library xil_defaultlib
INFO: [VRFC 10-307] analyzing entity control
INFO: [VRFC 10-163] Analyzing VHDL file "/home/miguel/Desktop/NOVOpsd/NOVOpsd.srcs/sources_1/imports/P3/circuit.vhdl" into library xil_defaultlib
INFO: [VRFC 10-307] analyzing entity circuit
INFO: [VRFC 10-163] Analyzing VHDL file "/home/miguel/Desktop/NOVOpsd/NOVOpsd.srcs/sim_1/new/circuit_tb.vhd" into library xil_defaultlib
INFO: [VRFC 10-307] analyzing entity circuit_tb
INFO: [VRFC 10-163] Analyzing VHDL file "/home/miguel/Desktop/NOVOpsd/NOVOpsd.srcs/sources_1/imports/P3/datapath.vhd" into library xil_defaultlib
INFO: [VRFC 10-307] analyzing entity datapath
INFO: [VRFC 10-163] Analyzing VHDL file "/home/miguel/Desktop/NOVOpsd/NOVOpsd.srcs/sources_1/imports/P3/control.vhd" into library xil_defaultlib
INFO: [VRFC 10-307] analyzing entity control
INFO: [VRFC 10-163] Analyzing VHDL file "/home/miguel/Desktop/NOVOpsd/NOVOpsd.srcs/sources_1/imports/P3/circuit.vhdl" into library xil_defaultlib
INFO: [VRFC 10-307] analyzing entity circuit
INFO: [VRFC 10-163] Analyzing VHDL file "/home/miguel/Desktop/NOVOpsd/NOVOpsd.srcs/sim_1/new/circuit_tb.vhd" into library xil_defaultlib
INFO: [VRFC 10-307] analyzing entity circuit_tb
INFO: [VRFC 10-163] Analyzing VHDL file "/home/miguel/Desktop/NOVOpsd/NOVOpsd.srcs/sources_1/imports/P3/datapath.vhd" into library xil_defaultlib
INFO: [VRFC 10-307] analyzing entity datapath
INFO: [VRFC 10-163] Analyzing VHDL file "/home/miguel/Desktop/NOVOpsd/NOVOpsd.srcs/sources_1/imports/P3/control.vhd" into library xil_defaultlib
INFO: [VRFC 10-307] analyzing entity control
INFO: [VRFC 10-163] Analyzing VHDL file "/home/miguel/Desktop/NOVOpsd/NOVOpsd.srcs/sources_1/imports/P3/circuit.vhdl" into library xil_defaultlib
INFO: [VRFC 10-307] analyzing entity circuit
INFO: [VRFC 10-163] Analyzing VHDL file "/home/miguel/Desktop/NOVOpsd/NOVOpsd.srcs/sim_1/new/circuit_tb.vhd" into library xil_defaultlib
INFO: [VRFC 10-307] analyzing entity circuit_tb
INFO: [VRFC 10-163] Analyzing VHDL file "/home/miguel/Desktop/NOVOpsd/NOVOpsd.srcs/sources_1/imports/P3/datapath.vhd" into library xil_defaultlib
INFO: [VRFC 10-307] analyzing entity datapath
INFO: [VRFC 10-163] Analyzing VHDL file "/home/miguel/Desktop/NOVOpsd/NOVOpsd.srcs/sources_1/imports/P3/control.vhd" into library xil_defaultlib
INFO: [VRFC 10-307] analyzing entity control
INFO: [VRFC 10-163] Analyzing VHDL file "/home/miguel/Desktop/NOVOpsd/NOVOpsd.srcs/sources_1/imports/P3/circuit.vhdl" into library xil_defaultlib
INFO: [VRFC 10-307] analyzing entity circuit
INFO: [VRFC 10-163] Analyzing VHDL file "/home/miguel/Desktop/NOVOpsd/NOVOpsd.srcs/sim_1/new/circuit_tb.vhd" into library xil_defaultlib
INFO: [VRFC 10-307] analyzing entity circuit_tb
INFO: [VRFC 10-163] Analyzing VHDL file "/home/miguel/Desktop/NOVOpsd/NOVOpsd.srcs/sources_1/imports/P3/datapath.vhd" into library xil_defaultlib
INFO: [VRFC 10-307] analyzing entity datapath
INFO: [VRFC 10-163] Analyzing VHDL file "/home/miguel/Desktop/NOVOpsd/NOVOpsd.srcs/sources_1/imports/P3/control.vhd" into library xil_defaultlib
INFO: [VRFC 10-307] analyzing entity control
INFO: [VRFC 10-163] Analyzing VHDL file "/home/miguel/Desktop/NOVOpsd/NOVOpsd.srcs/sources_1/imports/P3/circuit.vhdl" into library xil_defaultlib
INFO: [VRFC 10-307] analyzing entity circuit
INFO: [VRFC 10-163] Analyzing VHDL file "/home/miguel/Desktop/NOVOpsd/NOVOpsd.srcs/sim_1/new/circuit_tb.vhd" into library xil_defaultlib
INFO: [VRFC 10-307] analyzing entity circuit_tb
INFO: [VRFC 10-163] Analyzing VHDL file "/home/miguel/Desktop/NOVOpsd/NOVOpsd.srcs/sources_1/imports/P3/datapath.vhd" into library xil_defaultlib
INFO: [VRFC 10-307] analyzing entity datapath
INFO: [VRFC 10-163] Analyzing VHDL file "/home/miguel/Desktop/NOVOpsd/NOVOpsd.srcs/sources_1/imports/P3/control.vhd" into library xil_defaultlib
INFO: [VRFC 10-307] analyzing entity control
INFO: [VRFC 10-163] Analyzing VHDL file "/home/miguel/Desktop/NOVOpsd/NOVOpsd.srcs/sources_1/imports/P3/circuit.vhdl" into library xil_defaultlib
INFO: [VRFC 10-307] analyzing entity circuit
INFO: [VRFC 10-163] Analyzing VHDL file "/home/miguel/Desktop/NOVOpsd/NOVOpsd.srcs/sim_1/new/circuit_tb.vhd" into library xil_defaultlib
INFO: [VRFC 10-307] analyzing entity circuit_tb
INFO: [VRFC 10-163] Analyzing VHDL file "/home/miguel/Desktop/NOVOpsd/NOVOpsd.srcs/sources_1/imports/P3/datapath.vhd" into library xil_defaultlib
INFO: [VRFC 10-307] analyzing entity datapath
INFO: [VRFC 10-163] Analyzing VHDL file "/home/miguel/Desktop/NOVOpsd/NOVOpsd.srcs/sources_1/imports/P3/control.vhd" into library xil_defaultlib
INFO: [VRFC 10-307] analyzing entity control
INFO: [VRFC 10-163] Analyzing VHDL file "/home/miguel/Desktop/NOVOpsd/NOVOpsd.srcs/sources_1/imports/P3/circuit.vhdl" into library xil_defaultlib
INFO: [VRFC 10-307] analyzing entity circuit
INFO: [VRFC 10-163] Analyzing VHDL file "/home/miguel/Desktop/NOVOpsd/NOVOpsd.srcs/sim_1/new/circuit_tb.vhd" into library xil_defaultlib
INFO: [VRFC 10-307] analyzing entity circuit_tb
INFO: [VRFC 10-163] Analyzing VHDL file "/home/miguel/Desktop/NOVOpsd/NOVOpsd.srcs/sources_1/imports/P3/datapath.vhd" into library xil_defaultlib
INFO: [VRFC 10-307] analyzing entity datapath
INFO: [VRFC 10-163] Analyzing VHDL file "/home/miguel/Desktop/NOVOpsd/NOVOpsd.srcs/sources_1/imports/P3/control.vhd" into library xil_defaultlib
INFO: [VRFC 10-307] analyzing entity control
INFO: [VRFC 10-163] Analyzing VHDL file "/home/miguel/Desktop/NOVOpsd/NOVOpsd.srcs/sources_1/imports/P3/circuit.vhdl" into library xil_defaultlib
INFO: [VRFC 10-307] analyzing entity circuit
INFO: [VRFC 10-163] Analyzing VHDL file "/home/miguel/Desktop/NOVOpsd/NOVOpsd.srcs/sim_1/new/circuit_tb.vhd" into library xil_defaultlib
INFO: [VRFC 10-307] analyzing entity circuit_tb
INFO: [VRFC 10-163] Analyzing VHDL file "/home/miguel/Desktop/NOVOpsd/NOVOpsd.srcs/sources_1/imports/P3/datapath.vhd" into library xil_defaultlib
INFO: [VRFC 10-307] analyzing entity datapath
INFO: [VRFC 10-163] Analyzing VHDL file "/home/miguel/Desktop/NOVOpsd/NOVOpsd.srcs/sources_1/imports/P3/control.vhd" into library xil_defaultlib
INFO: [VRFC 10-307] analyzing entity control
INFO: [VRFC 10-163] Analyzing VHDL file "/home/miguel/Desktop/NOVOpsd/NOVOpsd.srcs/sources_1/imports/P3/circuit.vhdl" into library xil_defaultlib
INFO: [VRFC 10-307] analyzing entity circuit
INFO: [VRFC 10-163] Analyzing VHDL file "/home/miguel/Desktop/NOVOpsd/NOVOpsd.srcs/sim_1/new/circuit_tb.vhd" into library xil_defaultlib
INFO: [VRFC 10-307] analyzing entity circuit_tb
INFO: [VRFC 10-163] Analyzing VHDL file "/home/miguel/Desktop/NOVOpsd/NOVOpsd.srcs/sources_1/imports/P3/datapath.vhd" into library xil_defaultlib
INFO: [VRFC 10-307] analyzing entity datapath
INFO: [VRFC 10-163] Analyzing VHDL file "/home/miguel/Desktop/NOVOpsd/NOVOpsd.srcs/sources_1/imports/P3/control.vhd" into library xil_defaultlib
INFO: [VRFC 10-307] analyzing entity control
INFO: [VRFC 10-163] Analyzing VHDL file "/home/miguel/Desktop/NOVOpsd/NOVOpsd.srcs/sources_1/imports/P3/circuit.vhdl" into library xil_defaultlib
INFO: [VRFC 10-307] analyzing entity circuit
INFO: [VRFC 10-163] Analyzing VHDL file "/home/miguel/Desktop/NOVOpsd/NOVOpsd.srcs/sim_1/new/circuit_tb.vhd" into library xil_defaultlib
INFO: [VRFC 10-307] analyzing entity circuit_tb
INFO: [VRFC 10-163] Analyzing VHDL file "/home/miguel/Desktop/NOVOpsd/NOVOpsd.srcs/sources_1/imports/P3/datapath.vhd" into library xil_defaultlib
INFO: [VRFC 10-307] analyzing entity datapath
INFO: [VRFC 10-163] Analyzing VHDL file "/home/miguel/Desktop/NOVOpsd/NOVOpsd.srcs/sources_1/imports/P3/control.vhd" into library xil_defaultlib
INFO: [VRFC 10-307] analyzing entity control
INFO: [VRFC 10-163] Analyzing VHDL file "/home/miguel/Desktop/NOVOpsd/NOVOpsd.srcs/sources_1/imports/P3/circuit.vhdl" into library xil_defaultlib
INFO: [VRFC 10-307] analyzing entity circuit
INFO: [VRFC 10-163] Analyzing VHDL file "/home/miguel/Desktop/NOVOpsd/NOVOpsd.srcs/sim_1/new/circuit_tb.vhd" into library xil_defaultlib
INFO: [VRFC 10-307] analyzing entity circuit_tb
INFO: [VRFC 10-163] Analyzing VHDL file "/home/miguel/Desktop/NOVOpsd/NOVOpsd.srcs/sources_1/imports/P3/datapath.vhd" into library xil_defaultlib
INFO: [VRFC 10-307] analyzing entity datapath
INFO: [VRFC 10-163] Analyzing VHDL file "/home/miguel/Desktop/NOVOpsd/NOVOpsd.srcs/sources_1/imports/P3/control.vhd" into library xil_defaultlib
INFO: [VRFC 10-307] analyzing entity control
INFO: [VRFC 10-163] Analyzing VHDL file "/home/miguel/Desktop/NOVOpsd/NOVOpsd.srcs/sources_1/imports/P3/circuit.vhdl" into library xil_defaultlib
INFO: [VRFC 10-307] analyzing entity circuit
INFO: [VRFC 10-163] Analyzing VHDL file "/home/miguel/Desktop/NOVOpsd/NOVOpsd.srcs/sim_1/new/circuit_tb.vhd" into library xil_defaultlib
INFO: [VRFC 10-307] analyzing entity circuit_tb
INFO: [VRFC 10-163] Analyzing VHDL file "/home/miguel/Desktop/NOVOpsd/NOVOpsd.srcs/sources_1/imports/P3/datapath.vhd" into library xil_defaultlib
INFO: [VRFC 10-307] analyzing entity datapath
INFO: [VRFC 10-163] Analyzing VHDL file "/home/miguel/Desktop/NOVOpsd/NOVOpsd.srcs/sources_1/imports/P3/control.vhd" into library xil_defaultlib
INFO: [VRFC 10-307] analyzing entity control
INFO: [VRFC 10-163] Analyzing VHDL file "/home/miguel/Desktop/NOVOpsd/NOVOpsd.srcs/sources_1/imports/P3/circuit.vhdl" into library xil_defaultlib
INFO: [VRFC 10-307] analyzing entity circuit
INFO: [VRFC 10-163] Analyzing VHDL file "/home/miguel/Desktop/NOVOpsd/NOVOpsd.srcs/sim_1/new/circuit_tb.vhd" into library xil_defaultlib
INFO: [VRFC 10-307] analyzing entity circuit_tb
INFO: [VRFC 10-163] Analyzing VHDL file "/home/miguel/Desktop/NOVOpsd/NOVOpsd.srcs/sources_1/imports/P3/datapath.vhd" into library xil_defaultlib
INFO: [VRFC 10-307] analyzing entity datapath
INFO: [VRFC 10-163] Analyzing VHDL file "/home/miguel/Desktop/NOVOpsd/NOVOpsd.srcs/sources_1/imports/P3/control.vhd" into library xil_defaultlib
INFO: [VRFC 10-307] analyzing entity control
INFO: [VRFC 10-163] Analyzing VHDL file "/home/miguel/Desktop/NOVOpsd/NOVOpsd.srcs/sources_1/imports/P3/circuit.vhdl" into library xil_defaultlib
INFO: [VRFC 10-307] analyzing entity circuit
INFO: [VRFC 10-163] Analyzing VHDL file "/home/miguel/Desktop/NOVOpsd/NOVOpsd.srcs/sim_1/new/circuit_tb.vhd" into library xil_defaultlib
INFO: [VRFC 10-307] analyzing entity circuit_tb
INFO: [VRFC 10-163] Analyzing VHDL file "/home/miguel/Desktop/NOVOpsd/NOVOpsd.srcs/sources_1/imports/P3/datapath.vhd" into library xil_defaultlib
INFO: [VRFC 10-307] analyzing entity datapath
INFO: [VRFC 10-163] Analyzing VHDL file "/home/miguel/Desktop/NOVOpsd/NOVOpsd.srcs/sources_1/imports/P3/control.vhd" into library xil_defaultlib
INFO: [VRFC 10-307] analyzing entity control
INFO: [VRFC 10-163] Analyzing VHDL file "/home/miguel/Desktop/NOVOpsd/NOVOpsd.srcs/sources_1/imports/P3/circuit.vhdl" into library xil_defaultlib
INFO: [VRFC 10-307] analyzing entity circuit
INFO: [VRFC 10-163] Analyzing VHDL file "/home/miguel/Desktop/NOVOpsd/NOVOpsd.srcs/sim_1/new/circuit_tb.vhd" into library xil_defaultlib
INFO: [VRFC 10-307] analyzing entity circuit_tb
INFO: [VRFC 10-163] Analyzing VHDL file "/home/miguel/Desktop/NOVOpsd/NOVOpsd.srcs/sources_1/imports/P3/datapath.vhd" into library xil_defaultlib
INFO: [VRFC 10-307] analyzing entity datapath
INFO: [VRFC 10-163] Analyzing VHDL file "/home/miguel/Desktop/NOVOpsd/NOVOpsd.srcs/sources_1/imports/P3/control.vhd" into library xil_defaultlib
INFO: [VRFC 10-307] analyzing entity control
INFO: [VRFC 10-163] Analyzing VHDL file "/home/miguel/Desktop/NOVOpsd/NOVOpsd.srcs/sources_1/imports/P3/circuit.vhdl" into library xil_defaultlib
INFO: [VRFC 10-307] analyzing entity circuit
INFO: [VRFC 10-163] Analyzing VHDL file "/home/miguel/Desktop/NOVOpsd/NOVOpsd.srcs/sim_1/new/circuit_tb.vhd" into library xil_defaultlib
INFO: [VRFC 10-307] analyzing entity circuit_tb
INFO: [VRFC 10-163] Analyzing VHDL file "/home/miguel/Desktop/NOVOpsd/NOVOpsd.srcs/sources_1/imports/P3/datapath.vhd" into library xil_defaultlib
INFO: [VRFC 10-307] analyzing entity datapath
INFO: [VRFC 10-163] Analyzing VHDL file "/home/miguel/Desktop/NOVOpsd/NOVOpsd.srcs/sources_1/imports/P3/control.vhd" into library xil_defaultlib
INFO: [VRFC 10-307] analyzing entity control
INFO: [VRFC 10-163] Analyzing VHDL file "/home/miguel/Desktop/NOVOpsd/NOVOpsd.srcs/sources_1/imports/P3/circuit.vhdl" into library xil_defaultlib
INFO: [VRFC 10-307] analyzing entity circuit
INFO: [VRFC 10-163] Analyzing VHDL file "/home/miguel/Desktop/NOVOpsd/NOVOpsd.srcs/sim_1/new/circuit_tb.vhd" into library xil_defaultlib
INFO: [VRFC 10-307] analyzing entity circuit_tb
INFO: [VRFC 10-163] Analyzing VHDL file "/home/miguel/Desktop/NOVOpsd/NOVOpsd.srcs/sources_1/imports/P3/datapath.vhd" into library xil_defaultlib
INFO: [VRFC 10-307] analyzing entity datapath
INFO: [VRFC 10-163] Analyzing VHDL file "/home/miguel/Desktop/NOVOpsd/NOVOpsd.srcs/sources_1/imports/P3/control.vhd" into library xil_defaultlib
INFO: [VRFC 10-307] analyzing entity control
INFO: [VRFC 10-163] Analyzing VHDL file "/home/miguel/Desktop/NOVOpsd/NOVOpsd.srcs/sources_1/imports/P3/circuit.vhdl" into library xil_defaultlib
INFO: [VRFC 10-307] analyzing entity circuit
INFO: [VRFC 10-163] Analyzing VHDL file "/home/miguel/Desktop/NOVOpsd/NOVOpsd.srcs/sim_1/new/circuit_tb.vhd" into library xil_defaultlib
INFO: [VRFC 10-307] analyzing entity circuit_tb
INFO: [VRFC 10-163] Analyzing VHDL file "/home/miguel/Desktop/NOVOpsd/NOVOpsd.srcs/sources_1/imports/P3/datapath.vhd" into library xil_defaultlib
INFO: [VRFC 10-307] analyzing entity datapath
INFO: [VRFC 10-163] Analyzing VHDL file "/home/miguel/Desktop/NOVOpsd/NOVOpsd.srcs/sources_1/imports/P3/control.vhd" into library xil_defaultlib
INFO: [VRFC 10-307] analyzing entity control
INFO: [VRFC 10-163] Analyzing VHDL file "/home/miguel/Desktop/NOVOpsd/NOVOpsd.srcs/sources_1/imports/P3/circuit.vhdl" into library xil_defaultlib
INFO: [VRFC 10-307] analyzing entity circuit
INFO: [VRFC 10-163] Analyzing VHDL file "/home/miguel/Desktop/NOVOpsd/NOVOpsd.srcs/sim_1/new/circuit_tb.vhd" into library xil_defaultlib
INFO: [VRFC 10-307] analyzing entity circuit_tb
INFO: [VRFC 10-163] Analyzing VHDL file "/home/miguel/Desktop/NOVOpsd/NOVOpsd.srcs/sources_1/imports/P3/datapath.vhd" into library xil_defaultlib
INFO: [VRFC 10-307] analyzing entity datapath
INFO: [VRFC 10-163] Analyzing VHDL file "/home/miguel/Desktop/NOVOpsd/NOVOpsd.srcs/sources_1/imports/P3/control.vhd" into library xil_defaultlib
INFO: [VRFC 10-307] analyzing entity control
INFO: [VRFC 10-163] Analyzing VHDL file "/home/miguel/Desktop/NOVOpsd/NOVOpsd.srcs/sources_1/imports/P3/circuit.vhdl" into library xil_defaultlib
INFO: [VRFC 10-307] analyzing entity circuit
INFO: [VRFC 10-163] Analyzing VHDL file "/home/miguel/Desktop/NOVOpsd/NOVOpsd.srcs/sim_1/new/circuit_tb.vhd" into library xil_defaultlib
INFO: [VRFC 10-307] analyzing entity circuit_tb
INFO: [VRFC 10-163] Analyzing VHDL file "/home/miguel/Desktop/NOVOpsd/NOVOpsd.srcs/sources_1/imports/P3/datapath.vhd" into library xil_defaultlib
INFO: [VRFC 10-307] analyzing entity datapath
INFO: [VRFC 10-163] Analyzing VHDL file "/home/miguel/Desktop/NOVOpsd/NOVOpsd.srcs/sources_1/imports/P3/control.vhd" into library xil_defaultlib
INFO: [VRFC 10-307] analyzing entity control
INFO: [VRFC 10-163] Analyzing VHDL file "/home/miguel/Desktop/NOVOpsd/NOVOpsd.srcs/sources_1/imports/P3/circuit.vhdl" into library xil_defaultlib
INFO: [VRFC 10-307] analyzing entity circuit
INFO: [VRFC 10-163] Analyzing VHDL file "/home/miguel/Desktop/NOVOpsd/NOVOpsd.srcs/sim_1/new/circuit_tb.vhd" into library xil_defaultlib
INFO: [VRFC 10-307] analyzing entity circuit_tb
INFO: [VRFC 10-163] Analyzing VHDL file "/home/miguel/Desktop/NOVOpsd/NOVOpsd.srcs/sources_1/imports/P3/datapath.vhd" into library xil_defaultlib
INFO: [VRFC 10-307] analyzing entity datapath
INFO: [VRFC 10-163] Analyzing VHDL file "/home/miguel/Desktop/NOVOpsd/NOVOpsd.srcs/sources_1/imports/P3/control.vhd" into library xil_defaultlib
INFO: [VRFC 10-307] analyzing entity control
INFO: [VRFC 10-163] Analyzing VHDL file "/home/miguel/Desktop/NOVOpsd/NOVOpsd.srcs/sources_1/imports/P3/circuit.vhdl" into library xil_defaultlib
INFO: [VRFC 10-307] analyzing entity circuit
INFO: [VRFC 10-163] Analyzing VHDL file "/home/miguel/Desktop/NOVOpsd/NOVOpsd.srcs/sim_1/new/circuit_tb.vhd" into library xil_defaultlib
INFO: [VRFC 10-307] analyzing entity circuit_tb
INFO: [VRFC 10-163] Analyzing VHDL file "/home/miguel/Desktop/NOVOpsd/NOVOpsd.srcs/sources_1/imports/P3/datapath.vhd" into library xil_defaultlib
INFO: [VRFC 10-307] analyzing entity datapath
INFO: [VRFC 10-163] Analyzing VHDL file "/home/miguel/Desktop/NOVOpsd/NOVOpsd.srcs/sources_1/imports/P3/control.vhd" into library xil_defaultlib
INFO: [VRFC 10-307] analyzing entity control
INFO: [VRFC 10-163] Analyzing VHDL file "/home/miguel/Desktop/NOVOpsd/NOVOpsd.srcs/sources_1/imports/P3/circuit.vhdl" into library xil_defaultlib
INFO: [VRFC 10-307] analyzing entity circuit
INFO: [VRFC 10-163] Analyzing VHDL file "/home/miguel/Desktop/NOVOpsd/NOVOpsd.srcs/sim_1/new/circuit_tb.vhd" into library xil_defaultlib
INFO: [VRFC 10-307] analyzing entity circuit_tb
INFO: [VRFC 10-163] Analyzing VHDL file "/home/miguel/Desktop/NOVOpsd/NOVOpsd.srcs/sources_1/imports/P3/datapath.vhd" into library xil_defaultlib
INFO: [VRFC 10-307] analyzing entity datapath
INFO: [VRFC 10-163] Analyzing VHDL file "/home/miguel/Desktop/NOVOpsd/NOVOpsd.srcs/sources_1/imports/P3/control.vhd" into library xil_defaultlib
INFO: [VRFC 10-307] analyzing entity control
INFO: [VRFC 10-163] Analyzing VHDL file "/home/miguel/Desktop/NOVOpsd/NOVOpsd.srcs/sources_1/imports/P3/circuit.vhdl" into library xil_defaultlib
INFO: [VRFC 10-307] analyzing entity circuit
INFO: [VRFC 10-163] Analyzing VHDL file "/home/miguel/Desktop/NOVOpsd/NOVOpsd.srcs/sim_1/new/circuit_tb.vhd" into library xil_defaultlib
INFO: [VRFC 10-307] analyzing entity circuit_tb
INFO: [VRFC 10-163] Analyzing VHDL file "/home/miguel/Desktop/NOVOpsd/NOVOpsd.srcs/sources_1/imports/P3/datapath.vhd" into library xil_defaultlib
INFO: [VRFC 10-307] analyzing entity datapath
INFO: [VRFC 10-163] Analyzing VHDL file "/home/miguel/Desktop/NOVOpsd/NOVOpsd.srcs/sources_1/imports/P3/control.vhd" into library xil_defaultlib
INFO: [VRFC 10-307] analyzing entity control
INFO: [VRFC 10-163] Analyzing VHDL file "/home/miguel/Desktop/NOVOpsd/NOVOpsd.srcs/sources_1/imports/P3/circuit.vhdl" into library xil_defaultlib
INFO: [VRFC 10-307] analyzing entity circuit
INFO: [VRFC 10-163] Analyzing VHDL file "/home/miguel/Desktop/NOVOpsd/NOVOpsd.srcs/sim_1/new/circuit_tb.vhd" into library xil_defaultlib
INFO: [VRFC 10-307] analyzing entity circuit_tb
INFO: [VRFC 10-163] Analyzing VHDL file "/home/miguel/Desktop/NOVOpsd/NOVOpsd.srcs/sources_1/imports/P3/datapath.vhd" into library xil_defaultlib
INFO: [VRFC 10-307] analyzing entity datapath
INFO: [VRFC 10-163] Analyzing VHDL file "/home/miguel/Desktop/NOVOpsd/NOVOpsd.srcs/sources_1/imports/P3/control.vhd" into library xil_defaultlib
INFO: [VRFC 10-307] analyzing entity control
INFO: [VRFC 10-163] Analyzing VHDL file "/home/miguel/Desktop/NOVOpsd/NOVOpsd.srcs/sources_1/imports/P3/circuit.vhdl" into library xil_defaultlib
INFO: [VRFC 10-307] analyzing entity circuit
INFO: [VRFC 10-163] Analyzing VHDL file "/home/miguel/Desktop/NOVOpsd/NOVOpsd.srcs/sim_1/new/circuit_tb.vhd" into library xil_defaultlib
INFO: [VRFC 10-307] analyzing entity circuit_tb
INFO: [VRFC 10-163] Analyzing VHDL file "/home/miguel/Desktop/NOVOpsd/NOVOpsd.srcs/sources_1/imports/P3/datapath.vhd" into library xil_defaultlib
INFO: [VRFC 10-307] analyzing entity datapath
INFO: [VRFC 10-163] Analyzing VHDL file "/home/miguel/Desktop/NOVOpsd/NOVOpsd.srcs/sources_1/imports/P3/control.vhd" into library xil_defaultlib
INFO: [VRFC 10-307] analyzing entity control
INFO: [VRFC 10-163] Analyzing VHDL file "/home/miguel/Desktop/NOVOpsd/NOVOpsd.srcs/sources_1/imports/P3/circuit.vhdl" into library xil_defaultlib
INFO: [VRFC 10-307] analyzing entity circuit
INFO: [VRFC 10-163] Analyzing VHDL file "/home/miguel/Desktop/NOVOpsd/NOVOpsd.srcs/sim_1/new/circuit_tb.vhd" into library xil_defaultlib
INFO: [VRFC 10-307] analyzing entity circuit_tb
INFO: [VRFC 10-163] Analyzing VHDL file "/home/miguel/Desktop/NOVOpsd/NOVOpsd.srcs/sources_1/imports/P3/datapath.vhd" into library xil_defaultlib
INFO: [VRFC 10-307] analyzing entity datapath
INFO: [VRFC 10-163] Analyzing VHDL file "/home/miguel/Desktop/NOVOpsd/NOVOpsd.srcs/sources_1/imports/P3/control.vhd" into library xil_defaultlib
INFO: [VRFC 10-307] analyzing entity control
INFO: [VRFC 10-163] Analyzing VHDL file "/home/miguel/Desktop/NOVOpsd/NOVOpsd.srcs/sources_1/imports/P3/circuit.vhdl" into library xil_defaultlib
INFO: [VRFC 10-307] analyzing entity circuit
INFO: [VRFC 10-163] Analyzing VHDL file "/home/miguel/Desktop/NOVOpsd/NOVOpsd.srcs/sim_1/new/circuit_tb.vhd" into library xil_defaultlib
INFO: [VRFC 10-307] analyzing entity circuit_tb
INFO: [VRFC 10-163] Analyzing VHDL file "/home/miguel/Desktop/NOVOpsd/NOVOpsd.srcs/sources_1/imports/P3/control.vhd" into library xil_defaultlib
INFO: [VRFC 10-307] analyzing entity control
INFO: [VRFC 10-163] Analyzing VHDL file "/home/miguel/Desktop/NOVOpsd/NOVOpsd.srcs/sources_1/imports/P3/datapath.vhd" into library xil_defaultlib
INFO: [VRFC 10-307] analyzing entity datapath
INFO: [VRFC 10-163] Analyzing VHDL file "/home/miguel/Desktop/NOVOpsd/NOVOpsd.srcs/sources_1/imports/P3/circuit.vhdl" into library xil_defaultlib
INFO: [VRFC 10-307] analyzing entity circuit
INFO: [VRFC 10-163] Analyzing VHDL file "/home/miguel/Desktop/NOVOpsd/NOVOpsd.srcs/sim_1/new/circuit_tb.vhd" into library xil_defaultlib
INFO: [VRFC 10-307] analyzing entity circuit_tb
INFO: [VRFC 10-163] Analyzing VHDL file "/home/miguel/Desktop/NOVOpsd/NOVOpsd.srcs/sources_1/imports/P3/control.vhd" into library xil_defaultlib
INFO: [VRFC 10-307] analyzing entity control
INFO: [VRFC 10-163] Analyzing VHDL file "/home/miguel/Desktop/NOVOpsd/NOVOpsd.srcs/sources_1/imports/P3/datapath.vhd" into library xil_defaultlib
INFO: [VRFC 10-307] analyzing entity datapath
INFO: [VRFC 10-163] Analyzing VHDL file "/home/miguel/Desktop/NOVOpsd/NOVOpsd.srcs/sources_1/imports/P3/circuit.vhdl" into library xil_defaultlib
INFO: [VRFC 10-307] analyzing entity circuit
INFO: [VRFC 10-163] Analyzing VHDL file "/home/miguel/Desktop/NOVOpsd/NOVOpsd.srcs/sim_1/new/circuit_tb.vhd" into library xil_defaultlib
INFO: [VRFC 10-307] analyzing entity circuit_tb
INFO: [VRFC 10-163] Analyzing VHDL file "/home/miguel/Desktop/NOVOpsd/NOVOpsd.srcs/sources_1/imports/P3/control.vhd" into library xil_defaultlib
INFO: [VRFC 10-307] analyzing entity control
INFO: [VRFC 10-163] Analyzing VHDL file "/home/miguel/Desktop/NOVOpsd/NOVOpsd.srcs/sources_1/imports/P3/datapath.vhd" into library xil_defaultlib
INFO: [VRFC 10-307] analyzing entity datapath
INFO: [VRFC 10-163] Analyzing VHDL file "/home/miguel/Desktop/NOVOpsd/NOVOpsd.srcs/sources_1/imports/P3/circuit.vhdl" into library xil_defaultlib
INFO: [VRFC 10-307] analyzing entity circuit
INFO: [VRFC 10-163] Analyzing VHDL file "/home/miguel/Desktop/NOVOpsd/NOVOpsd.srcs/sim_1/new/circuit_tb.vhd" into library xil_defaultlib
INFO: [VRFC 10-307] analyzing entity circuit_tb
