
*** Running vivado
    with args -log memA.vds -m64 -product Vivado -mode batch -messageDb vivado.pb -notrace -source memA.tcl


****** Vivado v2016.4 (64-bit)
  **** SW Build 1756540 on Mon Jan 23 19:11:19 MST 2017
  **** IP Build 1755317 on Mon Jan 23 20:30:07 MST 2017
    ** Copyright 1986-2016 Xilinx, Inc. All Rights Reserved.

source memA.tcl -notrace
Starting RTL Elaboration : Time (s): cpu = 00:00:07 ; elapsed = 00:00:07 . Memory (MB): peak = 1090.750 ; gain = 160.273 ; free physical = 3776 ; free virtual = 13403
INFO: [Synth 8-638] synthesizing module 'memA' [/home/miguel/P2/P2.srcs/sources_1/ip/memA/synth/memA.vhd:70]
INFO: [Synth 8-256] done synthesizing module 'memA' (9#1) [/home/miguel/P2/P2.srcs/sources_1/ip/memA/synth/memA.vhd:70]
Finished RTL Elaboration : Time (s): cpu = 00:00:50 ; elapsed = 00:00:50 . Memory (MB): peak = 1276.078 ; gain = 345.602 ; free physical = 3587 ; free virtual = 13214
Finished RTL Optimization Phase 1 : Time (s): cpu = 00:00:50 ; elapsed = 00:00:50 . Memory (MB): peak = 1276.078 ; gain = 345.602 ; free physical = 3586 ; free virtual = 13213
INFO: [Device 21-403] Loading part xc7a35tcpg236-1
Constraint Validation Runtime : Time (s): cpu = 00:00:00.01 ; elapsed = 00:00:00.04 . Memory (MB): peak = 1371.898 ; gain = 0.000 ; free physical = 3558 ; free virtual = 13185
Finished Constraint Validation : Time (s): cpu = 00:00:58 ; elapsed = 00:00:58 . Memory (MB): peak = 1371.898 ; gain = 441.422 ; free physical = 3554 ; free virtual = 13181
Finished Loading Part and Timing Information : Time (s): cpu = 00:00:58 ; elapsed = 00:00:58 . Memory (MB): peak = 1371.898 ; gain = 441.422 ; free physical = 3554 ; free virtual = 13181
Finished applying 'set_property' XDC Constraints : Time (s): cpu = 00:00:58 ; elapsed = 00:00:58 . Memory (MB): peak = 1371.898 ; gain = 441.422 ; free physical = 3554 ; free virtual = 13181
Finished RTL Optimization Phase 2 : Time (s): cpu = 00:00:58 ; elapsed = 00:00:59 . Memory (MB): peak = 1371.898 ; gain = 441.422 ; free physical = 3554 ; free virtual = 13181
Finished Cross Boundary and Area Optimization : Time (s): cpu = 00:00:58 ; elapsed = 00:00:59 . Memory (MB): peak = 1371.898 ; gain = 441.422 ; free physical = 3552 ; free virtual = 13179
Finished Applying XDC Timing Constraints : Time (s): cpu = 00:01:05 ; elapsed = 00:01:05 . Memory (MB): peak = 1396.898 ; gain = 466.422 ; free physical = 3520 ; free virtual = 13147
Finished Timing Optimization : Time (s): cpu = 00:01:05 ; elapsed = 00:01:05 . Memory (MB): peak = 1396.898 ; gain = 466.422 ; free physical = 3520 ; free virtual = 13147
Finished Technology Mapping : Time (s): cpu = 00:01:05 ; elapsed = 00:01:05 . Memory (MB): peak = 1406.914 ; gain = 476.438 ; free physical = 3511 ; free virtual = 13138
Finished IO Insertion : Time (s): cpu = 00:01:05 ; elapsed = 00:01:06 . Memory (MB): peak = 1406.914 ; gain = 476.438 ; free physical = 3511 ; free virtual = 13138
Finished Renaming Generated Instances : Time (s): cpu = 00:01:05 ; elapsed = 00:01:06 . Memory (MB): peak = 1406.914 ; gain = 476.438 ; free physical = 3511 ; free virtual = 13138
Finished Rebuilding User Hierarchy : Time (s): cpu = 00:01:05 ; elapsed = 00:01:06 . Memory (MB): peak = 1406.914 ; gain = 476.438 ; free physical = 3511 ; free virtual = 13138
Finished Renaming Generated Ports : Time (s): cpu = 00:01:05 ; elapsed = 00:01:06 . Memory (MB): peak = 1406.914 ; gain = 476.438 ; free physical = 3511 ; free virtual = 13138
Finished Handling Custom Attributes : Time (s): cpu = 00:01:05 ; elapsed = 00:01:06 . Memory (MB): peak = 1406.914 ; gain = 476.438 ; free physical = 3511 ; free virtual = 13138
Finished Renaming Generated Nets : Time (s): cpu = 00:01:05 ; elapsed = 00:01:06 . Memory (MB): peak = 1406.914 ; gain = 476.438 ; free physical = 3511 ; free virtual = 13138

Report Cell Usage: 
+------+---------+------+
|      |Cell     |Count |
+------+---------+------+
|1     |RAMB18E1 |     1|
+------+---------+------+
Finished Writing Synthesis Report : Time (s): cpu = 00:01:05 ; elapsed = 00:01:06 . Memory (MB): peak = 1406.914 ; gain = 476.438 ; free physical = 3511 ; free virtual = 13138
synth_design: Time (s): cpu = 00:01:04 ; elapsed = 00:01:04 . Memory (MB): peak = 1425.430 ; gain = 427.449 ; free physical = 3494 ; free virtual = 13121
