
*** Running vivado
    with args -log memXi.vds -m64 -product Vivado -mode batch -messageDb vivado.pb -notrace -source memXi.tcl


****** Vivado v2016.4 (64-bit)
  **** SW Build 1756540 on Mon Jan 23 19:11:19 MST 2017
  **** IP Build 1755317 on Mon Jan 23 20:30:07 MST 2017
    ** Copyright 1986-2016 Xilinx, Inc. All Rights Reserved.

source memXi.tcl -notrace
Starting RTL Elaboration : Time (s): cpu = 00:00:07 ; elapsed = 00:00:07 . Memory (MB): peak = 1089.750 ; gain = 159.273 ; free physical = 886 ; free virtual = 11701
INFO: [Synth 8-638] synthesizing module 'memXi' [/home/miguel/P2/P2.srcs/sources_1/ip/memXi/synth/memXi.vhd:70]
INFO: [Synth 8-256] done synthesizing module 'memXi' (9#1) [/home/miguel/P2/P2.srcs/sources_1/ip/memXi/synth/memXi.vhd:70]
Finished RTL Elaboration : Time (s): cpu = 00:00:51 ; elapsed = 00:00:51 . Memory (MB): peak = 1275.078 ; gain = 344.602 ; free physical = 505 ; free virtual = 11320
Finished RTL Optimization Phase 1 : Time (s): cpu = 00:00:51 ; elapsed = 00:00:51 . Memory (MB): peak = 1275.078 ; gain = 344.602 ; free physical = 505 ; free virtual = 11320
INFO: [Device 21-403] Loading part xc7a35tcpg236-1
Constraint Validation Runtime : Time (s): cpu = 00:00:00.01 ; elapsed = 00:00:00.02 . Memory (MB): peak = 1369.898 ; gain = 0.000 ; free physical = 446 ; free virtual = 11261
Finished Constraint Validation : Time (s): cpu = 00:00:59 ; elapsed = 00:01:00 . Memory (MB): peak = 1369.898 ; gain = 439.422 ; free physical = 445 ; free virtual = 11260
Finished Loading Part and Timing Information : Time (s): cpu = 00:00:59 ; elapsed = 00:01:00 . Memory (MB): peak = 1369.898 ; gain = 439.422 ; free physical = 445 ; free virtual = 11260
Finished applying 'set_property' XDC Constraints : Time (s): cpu = 00:00:59 ; elapsed = 00:01:00 . Memory (MB): peak = 1369.898 ; gain = 439.422 ; free physical = 445 ; free virtual = 11260
Finished RTL Optimization Phase 2 : Time (s): cpu = 00:00:59 ; elapsed = 00:01:00 . Memory (MB): peak = 1369.898 ; gain = 439.422 ; free physical = 446 ; free virtual = 11261
Finished Cross Boundary and Area Optimization : Time (s): cpu = 00:01:00 ; elapsed = 00:01:00 . Memory (MB): peak = 1369.898 ; gain = 439.422 ; free physical = 446 ; free virtual = 11261
Finished Applying XDC Timing Constraints : Time (s): cpu = 00:01:07 ; elapsed = 00:01:07 . Memory (MB): peak = 1393.898 ; gain = 463.422 ; free physical = 392 ; free virtual = 11207
Finished Timing Optimization : Time (s): cpu = 00:01:07 ; elapsed = 00:01:07 . Memory (MB): peak = 1393.898 ; gain = 463.422 ; free physical = 392 ; free virtual = 11207
Finished Technology Mapping : Time (s): cpu = 00:01:07 ; elapsed = 00:01:07 . Memory (MB): peak = 1402.914 ; gain = 472.438 ; free physical = 383 ; free virtual = 11199
Finished IO Insertion : Time (s): cpu = 00:01:07 ; elapsed = 00:01:07 . Memory (MB): peak = 1402.914 ; gain = 472.438 ; free physical = 386 ; free virtual = 11201
Finished Renaming Generated Instances : Time (s): cpu = 00:01:07 ; elapsed = 00:01:07 . Memory (MB): peak = 1402.914 ; gain = 472.438 ; free physical = 386 ; free virtual = 11201
Finished Rebuilding User Hierarchy : Time (s): cpu = 00:01:07 ; elapsed = 00:01:07 . Memory (MB): peak = 1402.914 ; gain = 472.438 ; free physical = 386 ; free virtual = 11201
Finished Renaming Generated Ports : Time (s): cpu = 00:01:07 ; elapsed = 00:01:07 . Memory (MB): peak = 1402.914 ; gain = 472.438 ; free physical = 386 ; free virtual = 11201
Finished Handling Custom Attributes : Time (s): cpu = 00:01:07 ; elapsed = 00:01:07 . Memory (MB): peak = 1402.914 ; gain = 472.438 ; free physical = 386 ; free virtual = 11201
Finished Renaming Generated Nets : Time (s): cpu = 00:01:07 ; elapsed = 00:01:07 . Memory (MB): peak = 1402.914 ; gain = 472.438 ; free physical = 386 ; free virtual = 11201

Report Cell Usage: 
+------+---------+------+
|      |Cell     |Count |
+------+---------+------+
|1     |RAMB18E1 |     1|
+------+---------+------+
Finished Writing Synthesis Report : Time (s): cpu = 00:01:07 ; elapsed = 00:01:07 . Memory (MB): peak = 1402.914 ; gain = 472.438 ; free physical = 386 ; free virtual = 11201
synth_design: Time (s): cpu = 00:01:06 ; elapsed = 00:01:06 . Memory (MB): peak = 1424.430 ; gain = 426.449 ; free physical = 339 ; free virtual = 11154
