
*** Running vivado
    with args -log memC.vds -m64 -product Vivado -mode batch -messageDb vivado.pb -notrace -source memC.tcl


****** Vivado v2016.4 (64-bit)
  **** SW Build 1756540 on Mon Jan 23 19:11:19 MST 2017
  **** IP Build 1755317 on Mon Jan 23 20:30:07 MST 2017
    ** Copyright 1986-2016 Xilinx, Inc. All Rights Reserved.

source memC.tcl -notrace
Starting RTL Elaboration : Time (s): cpu = 00:00:07 ; elapsed = 00:00:07 . Memory (MB): peak = 1089.742 ; gain = 159.273 ; free physical = 885 ; free virtual = 11705
INFO: [Synth 8-638] synthesizing module 'memC' [/home/miguel/P2/P2.srcs/sources_1/ip/memC/synth/memC.vhd:70]
INFO: [Synth 8-256] done synthesizing module 'memC' (9#1) [/home/miguel/P2/P2.srcs/sources_1/ip/memC/synth/memC.vhd:70]
Finished RTL Elaboration : Time (s): cpu = 00:00:51 ; elapsed = 00:00:51 . Memory (MB): peak = 1275.070 ; gain = 344.602 ; free physical = 506 ; free virtual = 11329
Finished RTL Optimization Phase 1 : Time (s): cpu = 00:00:51 ; elapsed = 00:00:51 . Memory (MB): peak = 1275.070 ; gain = 344.602 ; free physical = 509 ; free virtual = 11329
INFO: [Device 21-403] Loading part xc7a35tcpg236-1
Constraint Validation Runtime : Time (s): cpu = 00:00:00.01 ; elapsed = 00:00:00.01 . Memory (MB): peak = 1369.891 ; gain = 0.000 ; free physical = 481 ; free virtual = 11301
Finished Constraint Validation : Time (s): cpu = 00:00:59 ; elapsed = 00:01:00 . Memory (MB): peak = 1369.891 ; gain = 439.422 ; free physical = 475 ; free virtual = 11301
Finished Loading Part and Timing Information : Time (s): cpu = 00:00:59 ; elapsed = 00:01:00 . Memory (MB): peak = 1369.891 ; gain = 439.422 ; free physical = 475 ; free virtual = 11301
Finished applying 'set_property' XDC Constraints : Time (s): cpu = 00:00:59 ; elapsed = 00:01:00 . Memory (MB): peak = 1369.891 ; gain = 439.422 ; free physical = 480 ; free virtual = 11300
Finished RTL Optimization Phase 2 : Time (s): cpu = 00:00:59 ; elapsed = 00:01:00 . Memory (MB): peak = 1369.891 ; gain = 439.422 ; free physical = 480 ; free virtual = 11301
Finished Cross Boundary and Area Optimization : Time (s): cpu = 00:01:00 ; elapsed = 00:01:00 . Memory (MB): peak = 1369.891 ; gain = 439.422 ; free physical = 480 ; free virtual = 11301
Finished Applying XDC Timing Constraints : Time (s): cpu = 00:01:07 ; elapsed = 00:01:07 . Memory (MB): peak = 1393.891 ; gain = 463.422 ; free physical = 409 ; free virtual = 11230
Finished Timing Optimization : Time (s): cpu = 00:01:07 ; elapsed = 00:01:07 . Memory (MB): peak = 1393.891 ; gain = 463.422 ; free physical = 409 ; free virtual = 11230
Finished Technology Mapping : Time (s): cpu = 00:01:07 ; elapsed = 00:01:07 . Memory (MB): peak = 1402.906 ; gain = 472.438 ; free physical = 400 ; free virtual = 11221
Finished IO Insertion : Time (s): cpu = 00:01:07 ; elapsed = 00:01:07 . Memory (MB): peak = 1402.906 ; gain = 472.438 ; free physical = 389 ; free virtual = 11210
Finished Renaming Generated Instances : Time (s): cpu = 00:01:07 ; elapsed = 00:01:07 . Memory (MB): peak = 1402.906 ; gain = 472.438 ; free physical = 389 ; free virtual = 11210
Finished Rebuilding User Hierarchy : Time (s): cpu = 00:01:07 ; elapsed = 00:01:07 . Memory (MB): peak = 1402.906 ; gain = 472.438 ; free physical = 389 ; free virtual = 11210
Finished Renaming Generated Ports : Time (s): cpu = 00:01:07 ; elapsed = 00:01:07 . Memory (MB): peak = 1402.906 ; gain = 472.438 ; free physical = 389 ; free virtual = 11210
Finished Handling Custom Attributes : Time (s): cpu = 00:01:07 ; elapsed = 00:01:07 . Memory (MB): peak = 1402.906 ; gain = 472.438 ; free physical = 388 ; free virtual = 11209
Finished Renaming Generated Nets : Time (s): cpu = 00:01:07 ; elapsed = 00:01:07 . Memory (MB): peak = 1402.906 ; gain = 472.438 ; free physical = 388 ; free virtual = 11209

Report Cell Usage: 
+------+---------+------+
|      |Cell     |Count |
+------+---------+------+
|1     |RAMB18E1 |     1|
+------+---------+------+
Finished Writing Synthesis Report : Time (s): cpu = 00:01:07 ; elapsed = 00:01:07 . Memory (MB): peak = 1402.906 ; gain = 472.438 ; free physical = 388 ; free virtual = 11209
synth_design: Time (s): cpu = 00:01:06 ; elapsed = 00:01:06 . Memory (MB): peak = 1424.422 ; gain = 426.449 ; free physical = 355 ; free virtual = 11175
