Vivado Simulator 2016.4
Copyright 1986-1999, 2001-2016 Xilinx, Inc. All Rights Reserved.
Running: /opt/Xilinx/Vivado/2016.4/bin/unwrapped/lnx64.o/xelab -wto 3b10c7f17d1e4cb89b70044bc8b4f4f3 --debug typical --relax --mt 8 -L xil_defaultlib -L secureip --snapshot top_circuit_tb_func_impl xil_defaultlib.top_circuit_tb -log elaborate.log 
Using 8 slave threads.
Starting static elaboration
Completed static elaboration
Starting simulation data flow analysis
Completed simulation data flow analysis
Time Resolution for simulation is 1ps
Compiling package std.standard
Compiling package std.textio
Compiling package ieee.std_logic_1164
Compiling package unisim.vcomponents
Compiling package ieee.vital_timing
Compiling package ieee.vital_primitives
Compiling package unisim.vpkg
Compiling package ieee.numeric_std
Compiling package ieee.std_logic_arith
Compiling package ieee.std_logic_signed
Compiling package ieee.std_logic_textio
Compiling architecture lut3_v of entity unisim.LUT3 [\LUT3(init="11111110")(0,7)\]
Compiling architecture fdpe_v of entity unisim.FDPE [fdpe_default]
Compiling architecture fdce_v of entity unisim.FDCE [fdce_default]
Compiling architecture lut4_v of entity unisim.LUT4 [\LUT4(init="0000000001101010")(0...]
Compiling architecture lut5_v of entity unisim.LUT5 [\LUT5(init="11111111111010101110...]
Compiling architecture lut5_v of entity unisim.LUT5 [\LUT5(init="10101010101010101010...]
Compiling architecture lut6_v of entity unisim.LUT6 [\LUT6(init="00000000000000000000...]
Compiling architecture lut6_v of entity unisim.LUT6 [\LUT6(init="11111111111111111111...]
Compiling architecture lut5_v of entity unisim.LUT5 [\LUT5(init="10101010100101010101...]
Compiling architecture lut6_v of entity unisim.LUT6 [\LUT6(init="10101010010101011010...]
Compiling architecture lut5_v of entity unisim.LUT5 [\LUT5(init="00001011000010000000...]
Compiling architecture lut6_v of entity unisim.LUT6 [\LUT6(init="10101010010101011010...]
Compiling architecture lut6_v of entity unisim.LUT6 [\LUT6(init="11111111111111111111...]
Compiling architecture lut6_v of entity unisim.LUT6 [\LUT6(init="11111111111111111111...]
Compiling architecture lut6_v of entity unisim.LUT6 [\LUT6(init="00000000000000000000...]
Compiling architecture lut1_v of entity unisim.LUT1 [\LUT1(init="0001")(0,3)\]
Compiling architecture lut2_v of entity unisim.LUT2 [\LUT2(init="0110")(0,3)\]
Compiling architecture lut3_v of entity unisim.LUT3 [\LUT3(init="01111000")(0,7)\]
Compiling architecture lut4_v of entity unisim.LUT4 [\LUT4(init="0111111110000000")(0...]
Compiling architecture fdre_v of entity unisim.FDRE [fdre_default]
Compiling architecture lut3_v of entity unisim.LUT3 [\LUT3(init="11111000")(0,7)\]
Compiling architecture lut5_v of entity unisim.LUT5 [\LUT5(init="00000000000000000011...]
Compiling architecture lut6_v of entity unisim.LUT6 [\LUT6(init="11111111111111111111...]
Compiling architecture lut6_v of entity unisim.LUT6 [\LUT6(init="00000000000000000000...]
Compiling architecture lut4_v of entity unisim.LUT4 [\LUT4(init="1111001000000000")(0...]
Compiling architecture lut4_v of entity unisim.LUT4 [\LUT4(init="1111101010111111")(0...]
Compiling architecture lut5_v of entity unisim.LUT5 [\LUT5(init="10101010101010101010...]
Compiling architecture lut5_v of entity unisim.LUT5 [\LUT5(init="11111111111111111111...]
Compiling architecture lut6_v of entity unisim.LUT6 [\LUT6(init="00000000000000000000...]
Compiling architecture lut4_v of entity unisim.LUT4 [\LUT4(init="1010000011000000")(0...]
Compiling architecture lut4_v of entity unisim.LUT4 [\LUT4(init="0000000010001110")(0...]
Compiling architecture lut4_v of entity unisim.LUT4 [\LUT4(init="1111111100000001")(0...]
Compiling architecture lut5_v of entity unisim.LUT5 [\LUT5(init="11111111111111111111...]
Compiling architecture lut5_v of entity unisim.LUT5 [\LUT5(init="00100001000000100000...]
Compiling architecture lut4_v of entity unisim.LUT4 [\LUT4(init="1111111111111110")(0...]
Compiling architecture structure of entity xil_defaultlib.control [control_default]
Compiling architecture dsp48e1_v of entity unisim.DSP48E1 [\DSP48E1(acascreg=0,alumodereg=0...]
Compiling architecture dsp48e1_v of entity unisim.DSP48E1 [\DSP48E1(alumodereg=0,bcascreg=0...]
Compiling architecture carry4_v of entity unisim.CARRY4 [carry4_default]
Compiling architecture dsp48e1_v of entity unisim.DSP48E1 [\DSP48E1(alumodereg=0,bcascreg=0...]
Compiling architecture dsp48e1_v of entity unisim.DSP48E1 [\DSP48E1(acascreg=0,alumodereg=0...]
Compiling architecture structure of entity xil_defaultlib.datapath [datapath_default]
Compiling architecture structure of entity xil_defaultlib.circuit [circuit_default]
Compiling architecture obuf_v of entity unisim.OBUF [\OBUF(1,9,1,7,1,4)\]
Compiling architecture bufg_v of entity unisim.BUFG [bufg_default]
Compiling architecture ibuf_v of entity unisim.IBUF [\IBUF(1,9,1,1,1,4,1,7)\]
Compiling architecture rb18_internal_vhdl_v of entity unisim.RB18_INTERNAL_VHDL [\RB18_INTERNAL_VHDL(bram_size=18...]
Compiling architecture ramb18e1_v of entity unisim.RAMB18E1 [\RAMB18E1(init_00="0000000000000...]
Compiling architecture structure of entity xil_defaultlib.memA_blk_mem_gen_prim_wrapper_init [mema_blk_mem_gen_prim_wrapper_in...]
Compiling architecture structure of entity xil_defaultlib.memA_blk_mem_gen_prim_width [mema_blk_mem_gen_prim_width_defa...]
Compiling architecture structure of entity xil_defaultlib.memA_blk_mem_gen_generic_cstr [mema_blk_mem_gen_generic_cstr_de...]
Compiling architecture structure of entity xil_defaultlib.memA_blk_mem_gen_top [mema_blk_mem_gen_top_default]
Compiling architecture structure of entity xil_defaultlib.memA_blk_mem_gen_v8_3_5_synth [mema_blk_mem_gen_v8_3_5_synth_de...]
Compiling architecture structure of entity xil_defaultlib.memA_blk_mem_gen_v8_3_5 [mema_blk_mem_gen_v8_3_5_default]
Compiling architecture structure of entity xil_defaultlib.memA [mema_default]
Compiling architecture rb18_internal_vhdl_v of entity unisim.RB18_INTERNAL_VHDL [\RB18_INTERNAL_VHDL(bram_size=18...]
Compiling architecture ramb18e1_v of entity unisim.RAMB18E1 [\RAMB18E1(init_00="0000000000000...]
Compiling architecture structure of entity xil_defaultlib.memB_blk_mem_gen_prim_wrapper_init [memb_blk_mem_gen_prim_wrapper_in...]
Compiling architecture structure of entity xil_defaultlib.memB_blk_mem_gen_prim_width [memb_blk_mem_gen_prim_width_defa...]
Compiling architecture structure of entity xil_defaultlib.memB_blk_mem_gen_generic_cstr [memb_blk_mem_gen_generic_cstr_de...]
Compiling architecture structure of entity xil_defaultlib.memB_blk_mem_gen_top [memb_blk_mem_gen_top_default]
Compiling architecture structure of entity xil_defaultlib.memB_blk_mem_gen_v8_3_5_synth [memb_blk_mem_gen_v8_3_5_synth_de...]
Compiling architecture structure of entity xil_defaultlib.memB_blk_mem_gen_v8_3_5 [memb_blk_mem_gen_v8_3_5_default]
Compiling architecture structure of entity xil_defaultlib.memB [memb_default]
Compiling architecture rb18_internal_vhdl_v of entity unisim.RB18_INTERNAL_VHDL [\RB18_INTERNAL_VHDL(bram_size=18...]
Compiling architecture ramb18e1_v of entity unisim.RAMB18E1 [\RAMB18E1(init_00="0000000000000...]
Compiling architecture structure of entity xil_defaultlib.memC_blk_mem_gen_prim_wrapper_init [memc_blk_mem_gen_prim_wrapper_in...]
Compiling architecture structure of entity xil_defaultlib.memC_blk_mem_gen_prim_width [memc_blk_mem_gen_prim_width_defa...]
Compiling architecture structure of entity xil_defaultlib.memC_blk_mem_gen_generic_cstr [memc_blk_mem_gen_generic_cstr_de...]
Compiling architecture structure of entity xil_defaultlib.memC_blk_mem_gen_top [memc_blk_mem_gen_top_default]
Compiling architecture structure of entity xil_defaultlib.memC_blk_mem_gen_v8_3_5_synth [memc_blk_mem_gen_v8_3_5_synth_de...]
Compiling architecture structure of entity xil_defaultlib.memC_blk_mem_gen_v8_3_5 [memc_blk_mem_gen_v8_3_5_default]
Compiling architecture structure of entity xil_defaultlib.memC [memc_default]
Compiling architecture rb18_internal_vhdl_v of entity unisim.RB18_INTERNAL_VHDL [\RB18_INTERNAL_VHDL(bram_size=18...]
Compiling architecture ramb18e1_v of entity unisim.RAMB18E1 [\RAMB18E1(init_00="0000000000000...]
Compiling architecture structure of entity xil_defaultlib.memStep_blk_mem_gen_prim_wrapper_init [memstep_blk_mem_gen_prim_wrapper...]
Compiling architecture structure of entity xil_defaultlib.memStep_blk_mem_gen_prim_width [memstep_blk_mem_gen_prim_width_d...]
Compiling architecture structure of entity xil_defaultlib.memStep_blk_mem_gen_generic_cstr [memstep_blk_mem_gen_generic_cstr...]
Compiling architecture structure of entity xil_defaultlib.memStep_blk_mem_gen_top [memstep_blk_mem_gen_top_default]
Compiling architecture structure of entity xil_defaultlib.memStep_blk_mem_gen_v8_3_5_synth [memstep_blk_mem_gen_v8_3_5_synth...]
Compiling architecture structure of entity xil_defaultlib.memStep_blk_mem_gen_v8_3_5 [memstep_blk_mem_gen_v8_3_5_defau...]
Compiling architecture structure of entity xil_defaultlib.memStep [memstep_default]
Compiling architecture rb18_internal_vhdl_v of entity unisim.RB18_INTERNAL_VHDL [\RB18_INTERNAL_VHDL(bram_size=18...]
Compiling architecture ramb18e1_v of entity unisim.RAMB18E1 [\RAMB18E1(init_00="0000000000000...]
Compiling architecture structure of entity xil_defaultlib.memXi_blk_mem_gen_prim_wrapper_init [memxi_blk_mem_gen_prim_wrapper_i...]
Compiling architecture structure of entity xil_defaultlib.memXi_blk_mem_gen_prim_width [memxi_blk_mem_gen_prim_width_def...]
Compiling architecture structure of entity xil_defaultlib.memXi_blk_mem_gen_generic_cstr [memxi_blk_mem_gen_generic_cstr_d...]
Compiling architecture structure of entity xil_defaultlib.memXi_blk_mem_gen_top [memxi_blk_mem_gen_top_default]
Compiling architecture structure of entity xil_defaultlib.memXi_blk_mem_gen_v8_3_5_synth [memxi_blk_mem_gen_v8_3_5_synth_d...]
Compiling architecture structure of entity xil_defaultlib.memXi_blk_mem_gen_v8_3_5 [memxi_blk_mem_gen_v8_3_5_default]
Compiling architecture structure of entity xil_defaultlib.memXi [memxi_default]
Compiling architecture structure of entity xil_defaultlib.top_circuit [top_circuit_default]
Compiling architecture behavioral of entity xil_defaultlib.top_circuit_tb
Built simulation snapshot top_circuit_tb_func_impl
