Copyright 1986-2016 Xilinx, Inc. All Rights Reserved.
-----------------------------------------------------------------------------------------------------------------------------
| Tool Version : Vivado v.2016.4 (lin64) Build 1756540 Mon Jan 23 19:11:19 MST 2017
| Date         : Thu Nov  2 18:06:30 2017
| Host         : M running 64-bit Ubuntu 16.04.3 LTS
| Command      : report_methodology -file top_circuit_methodology_drc_routed.rpt -rpx top_circuit_methodology_drc_routed.rpx
| Design       : top_circuit
| Device       : xc7a35tcpg236-1
| Speed File   : -1
| Design State : Routed
-----------------------------------------------------------------------------------------------------------------------------

Report Methodology

Table of Contents
-----------------
1. REPORT SUMMARY
2. REPORT DETAILS

1. REPORT SUMMARY
-----------------
            Netlist: netlist
          Floorplan: design_1
      Design limits: <entire design considered>
             Max violations: <unlimited>
             Violations found: 52
+-----------+----------+-------------------------------+------------+
| Rule      | Severity | Description                   | Violations |
+-----------+----------+-------------------------------+------------+
| SYNTH-10  | Warning  | Wide multiplier               | 3          |
| SYNTH-11  | Warning  | DSP output not registered     | 1          |
| SYNTH-12  | Warning  | DSP input not registered      | 1          |
| TIMING-18 | Warning  | Missing input or output delay | 47         |
+-----------+----------+-------------------------------+------------+

2. REPORT DETAILS
-----------------
SYNTH-10#1 Warning
Wide multiplier  
Detected multiplier at FSMD/inst_datapath/R1_reg__1 of size 18x23, it is decomposed from a wide multipler into 5 DSP blocks.
Related violations: <none>

SYNTH-10#2 Warning
Wide multiplier  
Detected multiplier at FSMD/inst_datapath/multOp__0 of size 23x18, it is decomposed from a wide multipler into 5 DSP blocks.
Related violations: <none>

SYNTH-10#3 Warning
Wide multiplier  
Detected multiplier at FSMD/inst_datapath/multOp__1 of size 18x18, it is decomposed from a wide multipler into 5 DSP blocks.
Related violations: <none>

SYNTH-11#1 Warning
DSP output not registered  
DSP instance FSMD/inst_datapath/multOp is not fully pipelined on the output side. MREG/PREG are not used.
Related violations: <none>

SYNTH-12#1 Warning
DSP input not registered  
DSP instance FSMD/inst_datapath/R1_reg is not fully pipelined on the input side. AREG/BREG/CREG/DREG are not used.
Related violations: <none>

TIMING-18#1 Warning
Missing input or output delay  
An input delay is missing on rst relative to clock(s) sys_clk_pin 
Related violations: <none>

TIMING-18#2 Warning
Missing input or output delay  
An output delay is missing on address[0] relative to clock(s) sys_clk_pin 
Related violations: <none>

TIMING-18#3 Warning
Missing input or output delay  
An output delay is missing on address[1] relative to clock(s) sys_clk_pin 
Related violations: <none>

TIMING-18#4 Warning
Missing input or output delay  
An output delay is missing on address[2] relative to clock(s) sys_clk_pin 
Related violations: <none>

TIMING-18#5 Warning
Missing input or output delay  
An output delay is missing on address[3] relative to clock(s) sys_clk_pin 
Related violations: <none>

TIMING-18#6 Warning
Missing input or output delay  
An output delay is missing on done relative to clock(s) sys_clk_pin 
Related violations: <none>

TIMING-18#7 Warning
Missing input or output delay  
An output delay is missing on res[0] relative to clock(s) sys_clk_pin 
Related violations: <none>

TIMING-18#8 Warning
Missing input or output delay  
An output delay is missing on res[10] relative to clock(s) sys_clk_pin 
Related violations: <none>

TIMING-18#9 Warning
Missing input or output delay  
An output delay is missing on res[11] relative to clock(s) sys_clk_pin 
Related violations: <none>

TIMING-18#10 Warning
Missing input or output delay  
An output delay is missing on res[12] relative to clock(s) sys_clk_pin 
Related violations: <none>

TIMING-18#11 Warning
Missing input or output delay  
An output delay is missing on res[13] relative to clock(s) sys_clk_pin 
Related violations: <none>

TIMING-18#12 Warning
Missing input or output delay  
An output delay is missing on res[14] relative to clock(s) sys_clk_pin 
Related violations: <none>

TIMING-18#13 Warning
Missing input or output delay  
An output delay is missing on res[15] relative to clock(s) sys_clk_pin 
Related violations: <none>

TIMING-18#14 Warning
Missing input or output delay  
An output delay is missing on res[16] relative to clock(s) sys_clk_pin 
Related violations: <none>

TIMING-18#15 Warning
Missing input or output delay  
An output delay is missing on res[17] relative to clock(s) sys_clk_pin 
Related violations: <none>

TIMING-18#16 Warning
Missing input or output delay  
An output delay is missing on res[18] relative to clock(s) sys_clk_pin 
Related violations: <none>

TIMING-18#17 Warning
Missing input or output delay  
An output delay is missing on res[19] relative to clock(s) sys_clk_pin 
Related violations: <none>

TIMING-18#18 Warning
Missing input or output delay  
An output delay is missing on res[1] relative to clock(s) sys_clk_pin 
Related violations: <none>

TIMING-18#19 Warning
Missing input or output delay  
An output delay is missing on res[20] relative to clock(s) sys_clk_pin 
Related violations: <none>

TIMING-18#20 Warning
Missing input or output delay  
An output delay is missing on res[21] relative to clock(s) sys_clk_pin 
Related violations: <none>

TIMING-18#21 Warning
Missing input or output delay  
An output delay is missing on res[22] relative to clock(s) sys_clk_pin 
Related violations: <none>

TIMING-18#22 Warning
Missing input or output delay  
An output delay is missing on res[23] relative to clock(s) sys_clk_pin 
Related violations: <none>

TIMING-18#23 Warning
Missing input or output delay  
An output delay is missing on res[24] relative to clock(s) sys_clk_pin 
Related violations: <none>

TIMING-18#24 Warning
Missing input or output delay  
An output delay is missing on res[25] relative to clock(s) sys_clk_pin 
Related violations: <none>

TIMING-18#25 Warning
Missing input or output delay  
An output delay is missing on res[26] relative to clock(s) sys_clk_pin 
Related violations: <none>

TIMING-18#26 Warning
Missing input or output delay  
An output delay is missing on res[27] relative to clock(s) sys_clk_pin 
Related violations: <none>

TIMING-18#27 Warning
Missing input or output delay  
An output delay is missing on res[28] relative to clock(s) sys_clk_pin 
Related violations: <none>

TIMING-18#28 Warning
Missing input or output delay  
An output delay is missing on res[29] relative to clock(s) sys_clk_pin 
Related violations: <none>

TIMING-18#29 Warning
Missing input or output delay  
An output delay is missing on res[2] relative to clock(s) sys_clk_pin 
Related violations: <none>

TIMING-18#30 Warning
Missing input or output delay  
An output delay is missing on res[30] relative to clock(s) sys_clk_pin 
Related violations: <none>

TIMING-18#31 Warning
Missing input or output delay  
An output delay is missing on res[31] relative to clock(s) sys_clk_pin 
Related violations: <none>

TIMING-18#32 Warning
Missing input or output delay  
An output delay is missing on res[32] relative to clock(s) sys_clk_pin 
Related violations: <none>

TIMING-18#33 Warning
Missing input or output delay  
An output delay is missing on res[33] relative to clock(s) sys_clk_pin 
Related violations: <none>

TIMING-18#34 Warning
Missing input or output delay  
An output delay is missing on res[34] relative to clock(s) sys_clk_pin 
Related violations: <none>

TIMING-18#35 Warning
Missing input or output delay  
An output delay is missing on res[35] relative to clock(s) sys_clk_pin 
Related violations: <none>

TIMING-18#36 Warning
Missing input or output delay  
An output delay is missing on res[36] relative to clock(s) sys_clk_pin 
Related violations: <none>

TIMING-18#37 Warning
Missing input or output delay  
An output delay is missing on res[37] relative to clock(s) sys_clk_pin 
Related violations: <none>

TIMING-18#38 Warning
Missing input or output delay  
An output delay is missing on res[38] relative to clock(s) sys_clk_pin 
Related violations: <none>

TIMING-18#39 Warning
Missing input or output delay  
An output delay is missing on res[39] relative to clock(s) sys_clk_pin 
Related violations: <none>

TIMING-18#40 Warning
Missing input or output delay  
An output delay is missing on res[3] relative to clock(s) sys_clk_pin 
Related violations: <none>

TIMING-18#41 Warning
Missing input or output delay  
An output delay is missing on res[4] relative to clock(s) sys_clk_pin 
Related violations: <none>

TIMING-18#42 Warning
Missing input or output delay  
An output delay is missing on res[5] relative to clock(s) sys_clk_pin 
Related violations: <none>

TIMING-18#43 Warning
Missing input or output delay  
An output delay is missing on res[6] relative to clock(s) sys_clk_pin 
Related violations: <none>

TIMING-18#44 Warning
Missing input or output delay  
An output delay is missing on res[7] relative to clock(s) sys_clk_pin 
Related violations: <none>

TIMING-18#45 Warning
Missing input or output delay  
An output delay is missing on res[8] relative to clock(s) sys_clk_pin 
Related violations: <none>

TIMING-18#46 Warning
Missing input or output delay  
An output delay is missing on res[9] relative to clock(s) sys_clk_pin 
Related violations: <none>

TIMING-18#47 Warning
Missing input or output delay  
An output delay is missing on we relative to clock(s) sys_clk_pin 
Related violations: <none>


