
*** Running vivado
    with args -log memRes.vds -m64 -product Vivado -mode batch -messageDb vivado.pb -notrace -source memRes.tcl


****** Vivado v2016.4 (64-bit)
  **** SW Build 1756540 on Mon Jan 23 19:11:19 MST 2017
  **** IP Build 1755317 on Mon Jan 23 20:30:07 MST 2017
    ** Copyright 1986-2016 Xilinx, Inc. All Rights Reserved.

source memRes.tcl -notrace
Starting RTL Elaboration : Time (s): cpu = 00:00:07 ; elapsed = 00:00:07 . Memory (MB): peak = 1090.746 ; gain = 160.273 ; free physical = 2638 ; free virtual = 12385
INFO: [Synth 8-638] synthesizing module 'memRes' [/home/miguel/P2/P2.srcs/sources_1/ip/memRes/synth/memRes.vhd:70]
INFO: [Synth 8-256] done synthesizing module 'memRes' (9#1) [/home/miguel/P2/P2.srcs/sources_1/ip/memRes/synth/memRes.vhd:70]
Finished RTL Elaboration : Time (s): cpu = 00:00:49 ; elapsed = 00:00:49 . Memory (MB): peak = 1276.074 ; gain = 345.602 ; free physical = 2452 ; free virtual = 12200
Finished RTL Optimization Phase 1 : Time (s): cpu = 00:00:49 ; elapsed = 00:00:50 . Memory (MB): peak = 1276.074 ; gain = 345.602 ; free physical = 2452 ; free virtual = 12200
INFO: [Device 21-403] Loading part xc7a35tcpg236-1
Constraint Validation Runtime : Time (s): cpu = 00:00:00.01 ; elapsed = 00:00:00.01 . Memory (MB): peak = 1372.895 ; gain = 0.000 ; free physical = 2435 ; free virtual = 12183
Finished Constraint Validation : Time (s): cpu = 00:00:57 ; elapsed = 00:00:58 . Memory (MB): peak = 1372.895 ; gain = 442.422 ; free physical = 2435 ; free virtual = 12182
Finished Loading Part and Timing Information : Time (s): cpu = 00:00:57 ; elapsed = 00:00:58 . Memory (MB): peak = 1372.895 ; gain = 442.422 ; free physical = 2435 ; free virtual = 12182
Finished applying 'set_property' XDC Constraints : Time (s): cpu = 00:00:57 ; elapsed = 00:00:58 . Memory (MB): peak = 1372.895 ; gain = 442.422 ; free physical = 2435 ; free virtual = 12182
Finished RTL Optimization Phase 2 : Time (s): cpu = 00:00:58 ; elapsed = 00:00:58 . Memory (MB): peak = 1372.895 ; gain = 442.422 ; free physical = 2428 ; free virtual = 12176
Finished Cross Boundary and Area Optimization : Time (s): cpu = 00:00:58 ; elapsed = 00:00:58 . Memory (MB): peak = 1372.895 ; gain = 442.422 ; free physical = 2428 ; free virtual = 12176
Finished Applying XDC Timing Constraints : Time (s): cpu = 00:01:05 ; elapsed = 00:01:05 . Memory (MB): peak = 1397.895 ; gain = 467.422 ; free physical = 2399 ; free virtual = 12146
Finished Timing Optimization : Time (s): cpu = 00:01:05 ; elapsed = 00:01:05 . Memory (MB): peak = 1397.895 ; gain = 467.422 ; free physical = 2399 ; free virtual = 12146
Finished Technology Mapping : Time (s): cpu = 00:01:05 ; elapsed = 00:01:05 . Memory (MB): peak = 1406.910 ; gain = 476.438 ; free physical = 2390 ; free virtual = 12138
Finished IO Insertion : Time (s): cpu = 00:01:05 ; elapsed = 00:01:05 . Memory (MB): peak = 1406.910 ; gain = 476.438 ; free physical = 2390 ; free virtual = 12138
Finished Renaming Generated Instances : Time (s): cpu = 00:01:05 ; elapsed = 00:01:05 . Memory (MB): peak = 1406.910 ; gain = 476.438 ; free physical = 2390 ; free virtual = 12138
Finished Rebuilding User Hierarchy : Time (s): cpu = 00:01:05 ; elapsed = 00:01:05 . Memory (MB): peak = 1406.910 ; gain = 476.438 ; free physical = 2390 ; free virtual = 12138
Finished Renaming Generated Ports : Time (s): cpu = 00:01:05 ; elapsed = 00:01:05 . Memory (MB): peak = 1406.910 ; gain = 476.438 ; free physical = 2390 ; free virtual = 12138
Finished Handling Custom Attributes : Time (s): cpu = 00:01:05 ; elapsed = 00:01:05 . Memory (MB): peak = 1406.910 ; gain = 476.438 ; free physical = 2390 ; free virtual = 12138
Finished Renaming Generated Nets : Time (s): cpu = 00:01:05 ; elapsed = 00:01:05 . Memory (MB): peak = 1406.910 ; gain = 476.438 ; free physical = 2390 ; free virtual = 12138

Report Cell Usage: 
+------+---------+------+
|      |Cell     |Count |
+------+---------+------+
|1     |RAMB36E1 |     1|
+------+---------+------+
Finished Writing Synthesis Report : Time (s): cpu = 00:01:05 ; elapsed = 00:01:05 . Memory (MB): peak = 1406.910 ; gain = 476.438 ; free physical = 2390 ; free virtual = 12138
synth_design: Time (s): cpu = 00:01:04 ; elapsed = 00:01:04 . Memory (MB): peak = 1426.426 ; gain = 428.449 ; free physical = 2371 ; free virtual = 12119
